This is pdfTeX, Version 3.14159265-2.6-1.40.17 (TeX Live 2016) (preloaded format=pdflatex 2016.9.4)  11 SEP 2017 11:06
entering extended mode
 restricted \write18 enabled.
 %&-line parsing enabled.
**2014-0407-3.tex
(./2014-0407-3.tex
LaTeX2e <2016/03/31>
Babel <3.9r> and hyphenation patterns for 83 language(s) loaded.
(/usr/local/texlive/2016/texmf-dist/tex/latex/subfiles/subfiles.cls
Document Class: subfiles 2012/05/23 Federico Garcia
(/usr/local/texlive/2016/texmf-dist/tex/latex/tools/verbatim.sty
Package: verbatim 2014/10/28 v1.5q LaTeX2e package for verbatim enhancements
\every@verbatim=\toks14
\verbatim@line=\toks15
\verbatim@in@stream=\read1
)
Preamble taken from file `main.tex'
(./main.tex (/usr/local/texlive/2016/texmf-dist/tex/latex/base/report.cls
Document Class: report 2014/09/29 v1.4h Standard LaTeX document class
(/usr/local/texlive/2016/texmf-dist/tex/latex/base/size12.clo
File: size12.clo 2014/09/29 v1.4h Standard LaTeX file (size option)
)
\c@part=\count79
\c@chapter=\count80
\c@section=\count81
\c@subsection=\count82
\c@subsubsection=\count83
\c@paragraph=\count84
\c@subparagraph=\count85
\c@figure=\count86
\c@table=\count87
\abovecaptionskip=\skip41
\belowcaptionskip=\skip42
\bibindent=\dimen102
)
(/usr/local/texlive/2016/texmf-dist/tex/latex/base/inputenc.sty
Package: inputenc 2015/03/17 v1.2c Input encoding file
\inpenc@prehook=\toks16
\inpenc@posthook=\toks17

(/usr/local/texlive/2016/texmf-dist/tex/latex/base/utf8.def
File: utf8.def 2016/02/28 v1.1s UTF-8 support for inputenc
Now handling font encoding OML ...
... no UTF-8 mapping file for font encoding OML
Now handling font encoding T1 ...
... processing UTF-8 mapping file for font encoding T1

(/usr/local/texlive/2016/texmf-dist/tex/latex/base/t1enc.dfu
File: t1enc.dfu 2016/02/28 v1.1s UTF-8 support for inputenc
   defining Unicode char U+00A0 (decimal 160)
   defining Unicode char U+00A1 (decimal 161)
   defining Unicode char U+00A3 (decimal 163)
   defining Unicode char U+00AB (decimal 171)
   defining Unicode char U+00AD (decimal 173)
   defining Unicode char U+00BB (decimal 187)
   defining Unicode char U+00BF (decimal 191)
   defining Unicode char U+00C0 (decimal 192)
   defining Unicode char U+00C1 (decimal 193)
   defining Unicode char U+00C2 (decimal 194)
   defining Unicode char U+00C3 (decimal 195)
   defining Unicode char U+00C4 (decimal 196)
   defining Unicode char U+00C5 (decimal 197)
   defining Unicode char U+00C6 (decimal 198)
   defining Unicode char U+00C7 (decimal 199)
   defining Unicode char U+00C8 (decimal 200)
   defining Unicode char U+00C9 (decimal 201)
   defining Unicode char U+00CA (decimal 202)
   defining Unicode char U+00CB (decimal 203)
   defining Unicode char U+00CC (decimal 204)
   defining Unicode char U+00CD (decimal 205)
   defining Unicode char U+00CE (decimal 206)
   defining Unicode char U+00CF (decimal 207)
   defining Unicode char U+00D0 (decimal 208)
   defining Unicode char U+00D1 (decimal 209)
   defining Unicode char U+00D2 (decimal 210)
   defining Unicode char U+00D3 (decimal 211)
   defining Unicode char U+00D4 (decimal 212)
   defining Unicode char U+00D5 (decimal 213)
   defining Unicode char U+00D6 (decimal 214)
   defining Unicode char U+00D8 (decimal 216)
   defining Unicode char U+00D9 (decimal 217)
   defining Unicode char U+00DA (decimal 218)
   defining Unicode char U+00DB (decimal 219)
   defining Unicode char U+00DC (decimal 220)
   defining Unicode char U+00DD (decimal 221)
   defining Unicode char U+00DE (decimal 222)
   defining Unicode char U+00DF (decimal 223)
   defining Unicode char U+00E0 (decimal 224)
   defining Unicode char U+00E1 (decimal 225)
   defining Unicode char U+00E2 (decimal 226)
   defining Unicode char U+00E3 (decimal 227)
   defining Unicode char U+00E4 (decimal 228)
   defining Unicode char U+00E5 (decimal 229)
   defining Unicode char U+00E6 (decimal 230)
   defining Unicode char U+00E7 (decimal 231)
   defining Unicode char U+00E8 (decimal 232)
   defining Unicode char U+00E9 (decimal 233)
   defining Unicode char U+00EA (decimal 234)
   defining Unicode char U+00EB (decimal 235)
   defining Unicode char U+00EC (decimal 236)
   defining Unicode char U+00ED (decimal 237)
   defining Unicode char U+00EE (decimal 238)
   defining Unicode char U+00EF (decimal 239)
   defining Unicode char U+00F0 (decimal 240)
   defining Unicode char U+00F1 (decimal 241)
   defining Unicode char U+00F2 (decimal 242)
   defining Unicode char U+00F3 (decimal 243)
   defining Unicode char U+00F4 (decimal 244)
   defining Unicode char U+00F5 (decimal 245)
   defining Unicode char U+00F6 (decimal 246)
   defining Unicode char U+00F8 (decimal 248)
   defining Unicode char U+00F9 (decimal 249)
   defining Unicode char U+00FA (decimal 250)
   defining Unicode char U+00FB (decimal 251)
   defining Unicode char U+00FC (decimal 252)
   defining Unicode char U+00FD (decimal 253)
   defining Unicode char U+00FE (decimal 254)
   defining Unicode char U+00FF (decimal 255)
   defining Unicode char U+0100 (decimal 256)
   defining Unicode char U+0101 (decimal 257)
   defining Unicode char U+0102 (decimal 258)
   defining Unicode char U+0103 (decimal 259)
   defining Unicode char U+0104 (decimal 260)
   defining Unicode char U+0105 (decimal 261)
   defining Unicode char U+0106 (decimal 262)
   defining Unicode char U+0107 (decimal 263)
   defining Unicode char U+0108 (decimal 264)
   defining Unicode char U+0109 (decimal 265)
   defining Unicode char U+010A (decimal 266)
   defining Unicode char U+010B (decimal 267)
   defining Unicode char U+010C (decimal 268)
   defining Unicode char U+010D (decimal 269)
   defining Unicode char U+010E (decimal 270)
   defining Unicode char U+010F (decimal 271)
   defining Unicode char U+0110 (decimal 272)
   defining Unicode char U+0111 (decimal 273)
   defining Unicode char U+0112 (decimal 274)
   defining Unicode char U+0113 (decimal 275)
   defining Unicode char U+0114 (decimal 276)
   defining Unicode char U+0115 (decimal 277)
   defining Unicode char U+0116 (decimal 278)
   defining Unicode char U+0117 (decimal 279)
   defining Unicode char U+0118 (decimal 280)
   defining Unicode char U+0119 (decimal 281)
   defining Unicode char U+011A (decimal 282)
   defining Unicode char U+011B (decimal 283)
   defining Unicode char U+011C (decimal 284)
   defining Unicode char U+011D (decimal 285)
   defining Unicode char U+011E (decimal 286)
   defining Unicode char U+011F (decimal 287)
   defining Unicode char U+0120 (decimal 288)
   defining Unicode char U+0121 (decimal 289)
   defining Unicode char U+0122 (decimal 290)
   defining Unicode char U+0123 (decimal 291)
   defining Unicode char U+0124 (decimal 292)
   defining Unicode char U+0125 (decimal 293)
   defining Unicode char U+0128 (decimal 296)
   defining Unicode char U+0129 (decimal 297)
   defining Unicode char U+012A (decimal 298)
   defining Unicode char U+012B (decimal 299)
   defining Unicode char U+012C (decimal 300)
   defining Unicode char U+012D (decimal 301)
   defining Unicode char U+012E (decimal 302)
   defining Unicode char U+012F (decimal 303)
   defining Unicode char U+0130 (decimal 304)
   defining Unicode char U+0131 (decimal 305)
   defining Unicode char U+0132 (decimal 306)
   defining Unicode char U+0133 (decimal 307)
   defining Unicode char U+0134 (decimal 308)
   defining Unicode char U+0135 (decimal 309)
   defining Unicode char U+0136 (decimal 310)
   defining Unicode char U+0137 (decimal 311)
   defining Unicode char U+0139 (decimal 313)
   defining Unicode char U+013A (decimal 314)
   defining Unicode char U+013B (decimal 315)
   defining Unicode char U+013C (decimal 316)
   defining Unicode char U+013D (decimal 317)
   defining Unicode char U+013E (decimal 318)
   defining Unicode char U+0141 (decimal 321)
   defining Unicode char U+0142 (decimal 322)
   defining Unicode char U+0143 (decimal 323)
   defining Unicode char U+0144 (decimal 324)
   defining Unicode char U+0145 (decimal 325)
   defining Unicode char U+0146 (decimal 326)
   defining Unicode char U+0147 (decimal 327)
   defining Unicode char U+0148 (decimal 328)
   defining Unicode char U+014A (decimal 330)
   defining Unicode char U+014B (decimal 331)
   defining Unicode char U+014C (decimal 332)
   defining Unicode char U+014D (decimal 333)
   defining Unicode char U+014E (decimal 334)
   defining Unicode char U+014F (decimal 335)
   defining Unicode char U+0150 (decimal 336)
   defining Unicode char U+0151 (decimal 337)
   defining Unicode char U+0152 (decimal 338)
   defining Unicode char U+0153 (decimal 339)
   defining Unicode char U+0154 (decimal 340)
   defining Unicode char U+0155 (decimal 341)
   defining Unicode char U+0156 (decimal 342)
   defining Unicode char U+0157 (decimal 343)
   defining Unicode char U+0158 (decimal 344)
   defining Unicode char U+0159 (decimal 345)
   defining Unicode char U+015A (decimal 346)
   defining Unicode char U+015B (decimal 347)
   defining Unicode char U+015C (decimal 348)
   defining Unicode char U+015D (decimal 349)
   defining Unicode char U+015E (decimal 350)
   defining Unicode char U+015F (decimal 351)
   defining Unicode char U+0160 (decimal 352)
   defining Unicode char U+0161 (decimal 353)
   defining Unicode char U+0162 (decimal 354)
   defining Unicode char U+0163 (decimal 355)
   defining Unicode char U+0164 (decimal 356)
   defining Unicode char U+0165 (decimal 357)
   defining Unicode char U+0168 (decimal 360)
   defining Unicode char U+0169 (decimal 361)
   defining Unicode char U+016A (decimal 362)
   defining Unicode char U+016B (decimal 363)
   defining Unicode char U+016C (decimal 364)
   defining Unicode char U+016D (decimal 365)
   defining Unicode char U+016E (decimal 366)
   defining Unicode char U+016F (decimal 367)
   defining Unicode char U+0170 (decimal 368)
   defining Unicode char U+0171 (decimal 369)
   defining Unicode char U+0172 (decimal 370)
   defining Unicode char U+0173 (decimal 371)
   defining Unicode char U+0174 (decimal 372)
   defining Unicode char U+0175 (decimal 373)
   defining Unicode char U+0176 (decimal 374)
   defining Unicode char U+0177 (decimal 375)
   defining Unicode char U+0178 (decimal 376)
   defining Unicode char U+0179 (decimal 377)
   defining Unicode char U+017A (decimal 378)
   defining Unicode char U+017B (decimal 379)
   defining Unicode char U+017C (decimal 380)
   defining Unicode char U+017D (decimal 381)
   defining Unicode char U+017E (decimal 382)
   defining Unicode char U+01CD (decimal 461)
   defining Unicode char U+01CE (decimal 462)
   defining Unicode char U+01CF (decimal 463)
   defining Unicode char U+01D0 (decimal 464)
   defining Unicode char U+01D1 (decimal 465)
   defining Unicode char U+01D2 (decimal 466)
   defining Unicode char U+01D3 (decimal 467)
   defining Unicode char U+01D4 (decimal 468)
   defining Unicode char U+01E2 (decimal 482)
   defining Unicode char U+01E3 (decimal 483)
   defining Unicode char U+01E6 (decimal 486)
   defining Unicode char U+01E7 (decimal 487)
   defining Unicode char U+01E8 (decimal 488)
   defining Unicode char U+01E9 (decimal 489)
   defining Unicode char U+01EA (decimal 490)
   defining Unicode char U+01EB (decimal 491)
   defining Unicode char U+01F0 (decimal 496)
   defining Unicode char U+01F4 (decimal 500)
   defining Unicode char U+01F5 (decimal 501)
   defining Unicode char U+0218 (decimal 536)
   defining Unicode char U+0219 (decimal 537)
   defining Unicode char U+021A (decimal 538)
   defining Unicode char U+021B (decimal 539)
   defining Unicode char U+1E02 (decimal 7682)
   defining Unicode char U+1E03 (decimal 7683)
   defining Unicode char U+200C (decimal 8204)
   defining Unicode char U+2010 (decimal 8208)
   defining Unicode char U+2011 (decimal 8209)
   defining Unicode char U+2012 (decimal 8210)
   defining Unicode char U+2013 (decimal 8211)
   defining Unicode char U+2014 (decimal 8212)
   defining Unicode char U+2015 (decimal 8213)
   defining Unicode char U+2018 (decimal 8216)
   defining Unicode char U+2019 (decimal 8217)
   defining Unicode char U+201A (decimal 8218)
   defining Unicode char U+201C (decimal 8220)
   defining Unicode char U+201D (decimal 8221)
   defining Unicode char U+201E (decimal 8222)
   defining Unicode char U+2030 (decimal 8240)
   defining Unicode char U+2031 (decimal 8241)
   defining Unicode char U+2039 (decimal 8249)
   defining Unicode char U+203A (decimal 8250)
   defining Unicode char U+2423 (decimal 9251)
)
Now handling font encoding OT1 ...
... processing UTF-8 mapping file for font encoding OT1

(/usr/local/texlive/2016/texmf-dist/tex/latex/base/ot1enc.dfu
File: ot1enc.dfu 2016/02/28 v1.1s UTF-8 support for inputenc
   defining Unicode char U+00A0 (decimal 160)
   defining Unicode char U+00A1 (decimal 161)
   defining Unicode char U+00A3 (decimal 163)
   defining Unicode char U+00AD (decimal 173)
   defining Unicode char U+00B8 (decimal 184)
   defining Unicode char U+00BF (decimal 191)
   defining Unicode char U+00C5 (decimal 197)
   defining Unicode char U+00C6 (decimal 198)
   defining Unicode char U+00D8 (decimal 216)
   defining Unicode char U+00DF (decimal 223)
   defining Unicode char U+00E6 (decimal 230)
   defining Unicode char U+00EC (decimal 236)
   defining Unicode char U+00ED (decimal 237)
   defining Unicode char U+00EE (decimal 238)
   defining Unicode char U+00EF (decimal 239)
   defining Unicode char U+00F8 (decimal 248)
   defining Unicode char U+0131 (decimal 305)
   defining Unicode char U+0141 (decimal 321)
   defining Unicode char U+0142 (decimal 322)
   defining Unicode char U+0152 (decimal 338)
   defining Unicode char U+0153 (decimal 339)
   defining Unicode char U+0174 (decimal 372)
   defining Unicode char U+0175 (decimal 373)
   defining Unicode char U+0176 (decimal 374)
   defining Unicode char U+0177 (decimal 375)
   defining Unicode char U+0218 (decimal 536)
   defining Unicode char U+0219 (decimal 537)
   defining Unicode char U+021A (decimal 538)
   defining Unicode char U+021B (decimal 539)
   defining Unicode char U+2013 (decimal 8211)
   defining Unicode char U+2014 (decimal 8212)
   defining Unicode char U+2018 (decimal 8216)
   defining Unicode char U+2019 (decimal 8217)
   defining Unicode char U+201C (decimal 8220)
   defining Unicode char U+201D (decimal 8221)
)
Now handling font encoding OMS ...
... processing UTF-8 mapping file for font encoding OMS

(/usr/local/texlive/2016/texmf-dist/tex/latex/base/omsenc.dfu
File: omsenc.dfu 2016/02/28 v1.1s UTF-8 support for inputenc
   defining Unicode char U+00A7 (decimal 167)
   defining Unicode char U+00B6 (decimal 182)
   defining Unicode char U+00B7 (decimal 183)
   defining Unicode char U+2020 (decimal 8224)
   defining Unicode char U+2021 (decimal 8225)
   defining Unicode char U+2022 (decimal 8226)
)
Now handling font encoding OMX ...
... no UTF-8 mapping file for font encoding OMX
Now handling font encoding U ...
... no UTF-8 mapping file for font encoding U
   defining Unicode char U+00A9 (decimal 169)
   defining Unicode char U+00AA (decimal 170)
   defining Unicode char U+00AE (decimal 174)
   defining Unicode char U+00BA (decimal 186)
   defining Unicode char U+02C6 (decimal 710)
   defining Unicode char U+02DC (decimal 732)
   defining Unicode char U+200C (decimal 8204)
   defining Unicode char U+2026 (decimal 8230)
   defining Unicode char U+2122 (decimal 8482)
   defining Unicode char U+2423 (decimal 9251)
))
(/usr/local/texlive/2016/texmf-dist/tex/latex/marginnote/marginnote.sty
Package: marginnote 2012/03/29 v1.1i non floating margin notes for LaTeX
\c@mn@abspage=\count88
)
(/usr/local/texlive/2016/texmf-dist/tex/latex/geometry/geometry.sty
Package: geometry 2010/09/12 v5.6 Page Geometry

(/usr/local/texlive/2016/texmf-dist/tex/latex/graphics/keyval.sty
Package: keyval 2014/10/28 v1.15 key=value parser (DPC)
\KV@toks@=\toks18
)
(/usr/local/texlive/2016/texmf-dist/tex/generic/oberdiek/ifpdf.sty
Package: ifpdf 2016/05/14 v3.1 Provides the ifpdf switch
)
(/usr/local/texlive/2016/texmf-dist/tex/generic/oberdiek/ifvtex.sty
Package: ifvtex 2016/05/16 v1.6 Detect VTeX and its facilities (HO)
Package ifvtex Info: VTeX not detected.
)
(/usr/local/texlive/2016/texmf-dist/tex/generic/ifxetex/ifxetex.sty
Package: ifxetex 2010/09/12 v0.6 Provides ifxetex conditional
)
\Gm@cnth=\count89
\Gm@cntv=\count90
\c@Gm@tempcnt=\count91
\Gm@bindingoffset=\dimen103
\Gm@wd@mp=\dimen104
\Gm@odd@mp=\dimen105
\Gm@even@mp=\dimen106
\Gm@layoutwidth=\dimen107
\Gm@layoutheight=\dimen108
\Gm@layouthoffset=\dimen109
\Gm@layoutvoffset=\dimen110
\Gm@dimlist=\toks19
)
(/usr/local/texlive/2016/texmf-dist/tex/latex/hyperref/hyperref.sty
Package: hyperref 2016/05/05 v6.83n Hypertext links for LaTeX

(/usr/local/texlive/2016/texmf-dist/tex/generic/oberdiek/hobsub-hyperref.sty
Package: hobsub-hyperref 2016/05/16 v1.14 Bundle oberdiek, subset hyperref (HO)


(/usr/local/texlive/2016/texmf-dist/tex/generic/oberdiek/hobsub-generic.sty
Package: hobsub-generic 2016/05/16 v1.14 Bundle oberdiek, subset generic (HO)
Package: hobsub 2016/05/16 v1.14 Construct package bundles (HO)
Package: infwarerr 2016/05/16 v1.4 Providing info/warning/error messages (HO)
Package: ltxcmds 2016/05/16 v1.23 LaTeX kernel commands for general use (HO)
Package: ifluatex 2016/05/16 v1.4 Provides the ifluatex switch (HO)
Package ifluatex Info: LuaTeX not detected.
Package hobsub Info: Skipping package `ifvtex' (already loaded).
Package: intcalc 2016/05/16 v1.2 Expandable calculations with integers (HO)
Package hobsub Info: Skipping package `ifpdf' (already loaded).
Package: etexcmds 2016/05/16 v1.6 Avoid name clashes with e-TeX commands (HO)
Package etexcmds Info: Could not find \expanded.
(etexcmds)             That can mean that you are not using pdfTeX 1.50 or
(etexcmds)             that some package has redefined \expanded.
(etexcmds)             In the latter case, load this package earlier.
Package: kvsetkeys 2016/05/16 v1.17 Key value parser (HO)
Package: kvdefinekeys 2016/05/16 v1.4 Define keys (HO)
Package: pdftexcmds 2016/05/10 v0.21 Utility functions of pdfTeX for LuaTeX (HO
)
Package pdftexcmds Info: LuaTeX not detected.
Package pdftexcmds Info: \pdf@primitive is available.
Package pdftexcmds Info: \pdf@ifprimitive is available.
Package pdftexcmds Info: \pdfdraftmode found.
Package: pdfescape 2016/05/16 v1.14 Implements pdfTeX's escape features (HO)
Package: bigintcalc 2016/05/16 v1.4 Expandable calculations on big integers (HO
)
Package: bitset 2016/05/16 v1.2 Handle bit-vector datatype (HO)
Package: uniquecounter 2016/05/16 v1.3 Provide unlimited unique counter (HO)
)
Package hobsub Info: Skipping package `hobsub' (already loaded).
Package: letltxmacro 2016/05/16 v1.5 Let assignment for LaTeX macros (HO)
Package: hopatch 2016/05/16 v1.3 Wrapper for package hooks (HO)
Package: xcolor-patch 2016/05/16 xcolor patch
Package: atveryend 2016/05/16 v1.9 Hooks at the very end of document (HO)
Package: atbegshi 2016/05/16 v1.17 At begin shipout hook (HO)
Package: refcount 2016/05/16 v3.5 Data extraction from label references (HO)
Package: hycolor 2016/05/16 v1.8 Color options for hyperref/bookmark (HO)
)
(/usr/local/texlive/2016/texmf-dist/tex/latex/oberdiek/auxhook.sty
Package: auxhook 2016/05/16 v1.4 Hooks for auxiliary files (HO)


Package auxhook Warning: Cannot patch \document,
(auxhook)                using \AtBeginDocument instead.

) (/usr/local/texlive/2016/texmf-dist/tex/latex/oberdiek/kvoptions.sty
Package: kvoptions 2016/05/16 v3.12 Key value format for package options (HO)
)
\@linkdim=\dimen111
\Hy@linkcounter=\count92
\Hy@pagecounter=\count93

(/usr/local/texlive/2016/texmf-dist/tex/latex/hyperref/pd1enc.def
File: pd1enc.def 2016/05/05 v6.83n Hyperref: PDFDocEncoding definition (HO)
Now handling font encoding PD1 ...
... no UTF-8 mapping file for font encoding PD1
)
\Hy@SavedSpaceFactor=\count94

(/usr/local/texlive/2016/texmf-dist/tex/latex/latexconfig/hyperref.cfg
File: hyperref.cfg 2002/06/06 v1.2 hyperref configuration of TeXLive
)
Package hyperref Info: Option `colorlinks' set `true' on input line 4322.
Package hyperref Info: Hyper figures OFF on input line 4446.
Package hyperref Info: Link nesting OFF on input line 4451.
Package hyperref Info: Hyper index ON on input line 4454.
Package hyperref Info: Plain pages OFF on input line 4461.
Package hyperref Info: Backreferencing OFF on input line 4466.
Package hyperref Info: Implicit mode ON; LaTeX internals redefined.
Package hyperref Info: Bookmarks ON on input line 4691.
\c@Hy@tempcnt=\count95

(/usr/local/texlive/2016/texmf-dist/tex/latex/url/url.sty
\Urlmuskip=\muskip10
Package: url 2013/09/16  ver 3.4  Verb mode for urls, etc.
)
LaTeX Info: Redefining \url on input line 5044.
\XeTeXLinkMargin=\dimen112
\Fld@menulength=\count96
\Field@Width=\dimen113
\Fld@charsize=\dimen114
Package hyperref Info: Hyper figures OFF on input line 6298.
Package hyperref Info: Link nesting OFF on input line 6303.
Package hyperref Info: Hyper index ON on input line 6306.
Package hyperref Info: backreferencing OFF on input line 6313.
Package hyperref Info: Link coloring ON on input line 6316.
Package hyperref Info: Link coloring with OCG OFF on input line 6323.
Package hyperref Info: PDF/A mode OFF on input line 6328.
LaTeX Info: Redefining \ref on input line 6368.
LaTeX Info: Redefining \pageref on input line 6372.
\Hy@abspage=\count97
\c@Item=\count98
\c@Hfootnote=\count99
)

Package hyperref Message: Driver (autodetected): hpdftex.

(/usr/local/texlive/2016/texmf-dist/tex/latex/hyperref/hpdftex.def
File: hpdftex.def 2016/05/05 v6.83n Hyperref driver for pdfTeX
\Fld@listcount=\count100
\c@bookmark@seq@number=\count101

(/usr/local/texlive/2016/texmf-dist/tex/latex/oberdiek/rerunfilecheck.sty
Package: rerunfilecheck 2016/05/16 v1.8 Rerun checks for auxiliary files (HO)
Package uniquecounter Info: New unique counter `rerunfilecheck' on input line 2
82.
)
\Hy@SectionHShift=\skip43
)
(/usr/local/texlive/2016/texmf-dist/tex/latex/microtype/microtype.sty
Package: microtype 2016/05/14 v2.6a Micro-typographical refinements (RS)
\MT@toks=\toks20
\MT@count=\count102
LaTeX Info: Redefining \textls on input line 774.
\MT@outer@kern=\dimen115
LaTeX Info: Redefining \textmicrotypecontext on input line 1310.
\MT@listname@count=\count103

(/usr/local/texlive/2016/texmf-dist/tex/latex/microtype/microtype-pdftex.def
File: microtype-pdftex.def 2016/05/14 v2.6a Definitions specific to pdftex (RS)

LaTeX Info: Redefining \lsstyle on input line 916.
LaTeX Info: Redefining \lslig on input line 916.
\MT@outer@space=\skip44
)
Package microtype Info: Loading configuration file microtype.cfg.

(/usr/local/texlive/2016/texmf-dist/tex/latex/microtype/microtype.cfg
File: microtype.cfg 2016/05/14 v2.6a microtype main configuration file (RS)
))
(/usr/local/texlive/2016/texmf-dist/tex/latex/amsmath/amsmath.sty
Package: amsmath 2016/03/10 v2.15b AMS math features
\@mathmargin=\skip45

For additional information on amsmath, use the `?' option.
(/usr/local/texlive/2016/texmf-dist/tex/latex/amsmath/amstext.sty
Package: amstext 2000/06/29 v2.01 AMS text

(/usr/local/texlive/2016/texmf-dist/tex/latex/amsmath/amsgen.sty
File: amsgen.sty 1999/11/30 v2.0 generic functions
\@emptytoks=\toks21
\ex@=\dimen116
))
(/usr/local/texlive/2016/texmf-dist/tex/latex/amsmath/amsbsy.sty
Package: amsbsy 1999/11/29 v1.2d Bold Symbols
\pmbraise@=\dimen117
)
(/usr/local/texlive/2016/texmf-dist/tex/latex/amsmath/amsopn.sty
Package: amsopn 2016/03/08 v2.02 operator names
)
\inf@bad=\count104
LaTeX Info: Redefining \frac on input line 199.
\uproot@=\count105
\leftroot@=\count106
LaTeX Info: Redefining \overline on input line 297.
\classnum@=\count107
\DOTSCASE@=\count108
LaTeX Info: Redefining \ldots on input line 394.
LaTeX Info: Redefining \dots on input line 397.
LaTeX Info: Redefining \cdots on input line 518.
\Mathstrutbox@=\box26
\strutbox@=\box27
\big@size=\dimen118
LaTeX Font Info:    Redeclaring font encoding OML on input line 634.
LaTeX Font Info:    Redeclaring font encoding OMS on input line 635.
\macc@depth=\count109
\c@MaxMatrixCols=\count110
\dotsspace@=\muskip11
\c@parentequation=\count111
\dspbrk@lvl=\count112
\tag@help=\toks22
\row@=\count113
\column@=\count114
\maxfields@=\count115
\andhelp@=\toks23
\eqnshift@=\dimen119
\alignsep@=\dimen120
\tagshift@=\dimen121
\tagwidth@=\dimen122
\totwidth@=\dimen123
\lineht@=\dimen124
\@envbody=\toks24
\multlinegap=\skip46
\multlinetaggap=\skip47
\mathdisplay@stack=\toks25
LaTeX Info: Redefining \[ on input line 2739.
LaTeX Info: Redefining \] on input line 2740.
)
(/usr/local/texlive/2016/texmf-dist/tex/latex/float/float.sty
Package: float 2001/11/08 v1.3d Float enhancements (AL)
\c@float@type=\count116
\float@exts=\toks26
\float@box=\box28
\@float@everytoks=\toks27
\@floatcapt=\box29
)
(/usr/local/texlive/2016/texmf-dist/tex/latex/graphics/graphicx.sty
Package: graphicx 2014/10/28 v1.0g Enhanced LaTeX Graphics (DPC,SPQR)

(/usr/local/texlive/2016/texmf-dist/tex/latex/graphics/graphics.sty
Package: graphics 2016/05/09 v1.0r Standard LaTeX Graphics (DPC,SPQR)

(/usr/local/texlive/2016/texmf-dist/tex/latex/graphics/trig.sty
Package: trig 2016/01/03 v1.10 sin cos tan (DPC)
)
(/usr/local/texlive/2016/texmf-dist/tex/latex/graphics-cfg/graphics.cfg
File: graphics.cfg 2016/01/02 v1.10 sample graphics configuration
)
Package graphics Info: Driver file: pdftex.def on input line 96.

(/usr/local/texlive/2016/texmf-dist/tex/latex/pdftex-def/pdftex.def
File: pdftex.def 2011/05/27 v0.06d Graphics/color for pdfTeX
\Gread@gobject=\count117
))
\Gin@req@height=\dimen125
\Gin@req@width=\dimen126
)
(/usr/local/texlive/2016/texmf-dist/tex/latex/caption/caption.sty
Package: caption 2016/02/21 v3.3-144 Customizing captions (AR)

(/usr/local/texlive/2016/texmf-dist/tex/latex/caption/caption3.sty
Package: caption3 2016/02/04 v1.7-139 caption3 kernel (AR)
Package caption3 Info: TeX engine: e-TeX on input line 67.
\captionmargin=\dimen127
\captionmargin@=\dimen128
\captionwidth=\dimen129
\caption@tempdima=\dimen130
\caption@indent=\dimen131
\caption@parindent=\dimen132
\caption@hangindent=\dimen133
)
\c@ContinuedFloat=\count118
Package caption Info: float package is loaded.
Package caption Info: hyperref package is loaded.
)
(/usr/local/texlive/2016/texmf-dist/tex/latex/caption/subcaption.sty
Package: subcaption 2016/02/20 v1.1-142 Sub-captions (AR)
\c@subfigure=\count119
\c@subtable=\count120
)
(/usr/local/texlive/2016/texmf-dist/tex/latex/fancyhdr/fancyhdr.sty
\fancy@headwidth=\skip48
\f@ncyO@elh=\skip49
\f@ncyO@erh=\skip50
\f@ncyO@olh=\skip51
\f@ncyO@orh=\skip52
\f@ncyO@elf=\skip53
\f@ncyO@erf=\skip54
\f@ncyO@olf=\skip55
\f@ncyO@orf=\skip56
)
(/usr/local/texlive/2016/texmf-dist/tex/latex/biblatex/biblatex.sty
Package: biblatex 2016/05/14 v3.4 programmable bibliographies (PK/JW/AB)

(/usr/local/texlive/2016/texmf-dist/tex/generic/iftex/iftex.sty
Package: iftex 2013/04/04 v0.2 Provides if(tex) conditional for PDFTeX, XeTeX, 
and LuaTeX
)
(/usr/local/texlive/2016/texmf-dist/tex/latex/etoolbox/etoolbox.sty
Package: etoolbox 2015/08/02 v2.2a e-TeX tools for LaTeX (JAW)
\etb@tempcnta=\count121
)
(/usr/local/texlive/2016/texmf-dist/tex/latex/logreq/logreq.sty
Package: logreq 2010/08/04 v1.0 xml request logger
\lrq@indent=\count122

(/usr/local/texlive/2016/texmf-dist/tex/latex/logreq/logreq.def
File: logreq.def 2010/08/04 v1.0 logreq spec v1.0
))
(/usr/local/texlive/2016/texmf-dist/tex/latex/base/ifthen.sty
Package: ifthen 2014/09/29 v1.1c Standard LaTeX ifthen package (DPC)
)
(/usr/local/texlive/2016/texmf-dist/tex/generic/xstring/xstring.sty
(/usr/local/texlive/2016/texmf-dist/tex/generic/xstring/xstring.tex
\@xs@message=\write3
\integerpart=\count123
\decimalpart=\count124
)
Package: xstring 2013/10/13  v1.7c  String manipulations (C Tellechea)
)
\c@tabx@nest=\count125
\c@listtotal=\count126
\c@listcount=\count127
\c@liststart=\count128
\c@liststop=\count129
\c@citecount=\count130
\c@citetotal=\count131
\c@multicitecount=\count132
\c@multicitetotal=\count133
\c@instcount=\count134
\c@maxnames=\count135
\c@minnames=\count136
\c@maxitems=\count137
\c@minitems=\count138
\c@citecounter=\count139
\c@savedcitecounter=\count140
\c@uniquelist=\count141
\c@uniquename=\count142
\c@refsection=\count143
\c@refsegment=\count144
\c@maxextratitle=\count145
\c@maxextratitleyear=\count146
\c@maxextrayear=\count147
\c@maxextraalpha=\count148
\c@abbrvpenalty=\count149
\c@highnamepenalty=\count150
\c@lownamepenalty=\count151
\c@maxparens=\count152
\c@parenlevel=\count153
\blx@tempcnta=\count154
\blx@tempcntb=\count155
\blx@tempcntc=\count156
\blx@maxsection=\count157
\blx@maxsegment@0=\count158
\blx@notetype=\count159
\blx@parenlevel@text=\count160
\blx@parenlevel@foot=\count161
\blx@sectionciteorder@0=\count162
\labelnumberwidth=\skip57
\labelalphawidth=\skip58
\biblabelsep=\skip59
\bibitemsep=\skip60
\bibnamesep=\skip61
\bibinitsep=\skip62
\bibparsep=\skip63
\bibhang=\skip64
\blx@bcfin=\read2
\blx@bcfout=\write4
\c@mincomprange=\count163
\c@maxcomprange=\count164
\c@mincompwidth=\count165
Package biblatex Info: Trying to load biblatex default data model...
Package biblatex Info: ... file 'blx-dm.def' found.

(/usr/local/texlive/2016/texmf-dist/tex/latex/biblatex/blx-dm.def)
Package biblatex Info: Trying to load biblatex style data model...
Package biblatex Info: ... file 'authoryear.dbx' not found.
Package biblatex Info: Trying to load biblatex custom data model...
Package biblatex Info: ... file 'biblatex-dm.cfg' not found.
\c@afterword=\count166
\c@savedafterword=\count167
\c@annotator=\count168
\c@savedannotator=\count169
\c@author=\count170
\c@savedauthor=\count171
\c@bookauthor=\count172
\c@savedbookauthor=\count173
\c@commentator=\count174
\c@savedcommentator=\count175
\c@editor=\count176
\c@savededitor=\count177
\c@editora=\count178
\c@savededitora=\count179
\c@editorb=\count180
\c@savededitorb=\count181
\c@editorc=\count182
\c@savededitorc=\count183
\c@foreword=\count184
\c@savedforeword=\count185
\c@holder=\count186
\c@savedholder=\count187
\c@introduction=\count188
\c@savedintroduction=\count189
\c@namea=\count190
\c@savednamea=\count191
\c@nameb=\count192
\c@savednameb=\count193
\c@namec=\count194
\c@savednamec=\count195
\c@translator=\count196
\c@savedtranslator=\count197
\c@shortauthor=\count198
\c@savedshortauthor=\count199
\c@shorteditor=\count266
\c@savedshorteditor=\count267
\c@labelname=\count268
\c@savedlabelname=\count269
\c@institution=\count270
\c@savedinstitution=\count271
\c@lista=\count272
\c@savedlista=\count273
\c@listb=\count274
\c@savedlistb=\count275
\c@listc=\count276
\c@savedlistc=\count277
\c@listd=\count278
\c@savedlistd=\count279
\c@liste=\count280
\c@savedliste=\count281
\c@listf=\count282
\c@savedlistf=\count283
\c@location=\count284
\c@savedlocation=\count285
\c@organization=\count286
\c@savedorganization=\count287
\c@origlocation=\count288
\c@savedoriglocation=\count289
\c@origpublisher=\count290
\c@savedorigpublisher=\count291
\c@publisher=\count292
\c@savedpublisher=\count293
\c@language=\count294
\c@savedlanguage=\count295
\c@pageref=\count296
\c@savedpageref=\count297
\shorthandwidth=\skip65
\shortjournalwidth=\skip66
\shortserieswidth=\skip67
\shorttitlewidth=\skip68
\shortauthorwidth=\skip69
\shorteditorwidth=\skip70
Package biblatex Info: Trying to load compatibility code...
Package biblatex Info: ... file 'blx-compat.def' found.

(/usr/local/texlive/2016/texmf-dist/tex/latex/biblatex/blx-compat.def
File: blx-compat.def 2016/05/14 v3.4 biblatex compatibility (PK/JW/AB)
)
Package biblatex Info: Trying to load BibTeX backend compatibility...
Package biblatex Info: ... file 'blx-bibtex.def' found.

(/usr/local/texlive/2016/texmf-dist/tex/latex/biblatex/blx-bibtex.def
File: blx-bibtex.def 2016/05/14 v3.4 biblatex compatibility (PK/JW/AB)


Package biblatex Warning: Using fall-back BibTeX(8) backend:
(biblatex)                functionality may be reduced/unavailable.

)
Package biblatex Info: Trying to load generic definitions...
Package biblatex Info: ... file 'biblatex.def' found.
 (/usr/local/texlive/2016/texmf-dist/tex/latex/biblatex/biblatex.def
File: biblatex.def 2016/05/14 v3.4 biblatex compatibility (PK/JW/AB)
\c@textcitecount=\count298
\c@textcitetotal=\count299
\c@textcitemaxnames=\count300
\c@biburlnumpenalty=\count301
\c@biburlucpenalty=\count302
\c@biburllcpenalty=\count303
\c@smartand=\count304
)
Package biblatex Info: Trying to load bibliography style 'authoryear'...
Package biblatex Info: ... file 'authoryear.bbx' found.

(/usr/local/texlive/2016/texmf-dist/tex/latex/biblatex/bbx/authoryear.bbx
File: authoryear.bbx 2016/05/14 v3.4 biblatex bibliography style (PK/JW/AB)
Package biblatex Info: Trying to load bibliography style 'standard'...
Package biblatex Info: ... file 'standard.bbx' found.

(/usr/local/texlive/2016/texmf-dist/tex/latex/biblatex/bbx/standard.bbx
File: standard.bbx 2016/05/14 v3.4 biblatex bibliography style (PK/JW/AB)
\c@bbx:relatedcount=\count305
\c@bbx:relatedtotal=\count306
))
Package biblatex Info: Trying to load citation style 'authoryear'...
Package biblatex Info: ... file 'authoryear.cbx' found.

(/usr/local/texlive/2016/texmf-dist/tex/latex/biblatex/cbx/authoryear.cbx
File: authoryear.cbx 2016/05/14 v3.4 biblatex citation style (PK/JW/AB)
Package biblatex Info: Redefining '\cite'.
Package biblatex Info: Redefining '\parencite'.
Package biblatex Info: Redefining '\footcite'.
Package biblatex Info: Redefining '\footcitetext'.
Package biblatex Info: Redefining '\smartcite'.
Package biblatex Info: Redefining '\textcite'.
Package biblatex Info: Redefining '\textcites'.
)
Package biblatex Info: Trying to load configuration file...
Package biblatex Info: ... file 'biblatex.cfg' found.

(/usr/local/texlive/2016/texmf-dist/tex/latex/biblatex/biblatex.cfg
File: biblatex.cfg 
))
(/usr/local/texlive/2016/texmf-dist/tex/latex/subfiles/subfiles.sty
Package: subfiles 2012/05/23 Federico Garcia
)
(/usr/local/texlive/2016/texmf-dist/tex/latex/chngcntr/chngcntr.sty
Package: chngcntr 2009/09/02 v1.0a change counter resetting
)
(/usr/local/texlive/texmf-local/tex/latex/local/structuralanalysis.sty
Package: structuralanalysis 

(/usr/local/texlive/2016/texmf-dist/tex/latex/pgf/frontendlayer/tikz.sty
(/usr/local/texlive/2016/texmf-dist/tex/latex/pgf/basiclayer/pgf.sty
(/usr/local/texlive/2016/texmf-dist/tex/latex/pgf/utilities/pgfrcs.sty
(/usr/local/texlive/2016/texmf-dist/tex/generic/pgf/utilities/pgfutil-common.te
x
\pgfutil@everybye=\toks28
\pgfutil@tempdima=\dimen134
\pgfutil@tempdimb=\dimen135

(/usr/local/texlive/2016/texmf-dist/tex/generic/pgf/utilities/pgfutil-common-li
sts.tex))
(/usr/local/texlive/2016/texmf-dist/tex/generic/pgf/utilities/pgfutil-latex.def
\pgfutil@abb=\box30
(/usr/local/texlive/2016/texmf-dist/tex/latex/ms/everyshi.sty
Package: everyshi 2001/05/15 v3.00 EveryShipout Package (MS)
))
(/usr/local/texlive/2016/texmf-dist/tex/generic/pgf/utilities/pgfrcs.code.tex
Package: pgfrcs 2015/08/07 v3.0.1a (rcs-revision 1.31)
))
Package: pgf 2015/08/07 v3.0.1a (rcs-revision 1.15)
(/usr/local/texlive/2016/texmf-dist/tex/latex/pgf/basiclayer/pgfcore.sty
(/usr/local/texlive/2016/texmf-dist/tex/latex/pgf/systemlayer/pgfsys.sty
(/usr/local/texlive/2016/texmf-dist/tex/generic/pgf/systemlayer/pgfsys.code.tex
Package: pgfsys 2014/07/09 v3.0.1a (rcs-revision 1.48)
(/usr/local/texlive/2016/texmf-dist/tex/generic/pgf/utilities/pgfkeys.code.tex
\pgfkeys@pathtoks=\toks29
\pgfkeys@temptoks=\toks30

(/usr/local/texlive/2016/texmf-dist/tex/generic/pgf/utilities/pgfkeysfiltered.c
ode.tex
\pgfkeys@tmptoks=\toks31
))
\pgf@x=\dimen136
\pgf@y=\dimen137
\pgf@xa=\dimen138
\pgf@ya=\dimen139
\pgf@xb=\dimen140
\pgf@yb=\dimen141
\pgf@xc=\dimen142
\pgf@yc=\dimen143
\w@pgf@writea=\write5
\r@pgf@reada=\read3
\c@pgf@counta=\count307
\c@pgf@countb=\count308
\c@pgf@countc=\count309
\c@pgf@countd=\count310
\t@pgf@toka=\toks32
\t@pgf@tokb=\toks33
\t@pgf@tokc=\toks34

(/usr/local/texlive/2016/texmf-dist/tex/generic/pgf/systemlayer/pgf.cfg
File: pgf.cfg 2008/05/14  (rcs-revision 1.7)
)
Driver file for pgf: pgfsys-pdftex.def

(/usr/local/texlive/2016/texmf-dist/tex/generic/pgf/systemlayer/pgfsys-pdftex.d
ef
File: pgfsys-pdftex.def 2014/10/11  (rcs-revision 1.35)

(/usr/local/texlive/2016/texmf-dist/tex/generic/pgf/systemlayer/pgfsys-common-p
df.def
File: pgfsys-common-pdf.def 2013/10/10  (rcs-revision 1.13)
)))
(/usr/local/texlive/2016/texmf-dist/tex/generic/pgf/systemlayer/pgfsyssoftpath.
code.tex
File: pgfsyssoftpath.code.tex 2013/09/09  (rcs-revision 1.9)
\pgfsyssoftpath@smallbuffer@items=\count311
\pgfsyssoftpath@bigbuffer@items=\count312
)
(/usr/local/texlive/2016/texmf-dist/tex/generic/pgf/systemlayer/pgfsysprotocol.
code.tex
File: pgfsysprotocol.code.tex 2006/10/16  (rcs-revision 1.4)
)) (/usr/local/texlive/2016/texmf-dist/tex/latex/xcolor/xcolor.sty
Package: xcolor 2016/05/11 v2.12 LaTeX color extensions (UK)

(/usr/local/texlive/2016/texmf-dist/tex/latex/graphics-cfg/color.cfg
File: color.cfg 2016/01/02 v1.6 sample color configuration
)
Package xcolor Info: Driver file: pdftex.def on input line 225.
Package xcolor Info: Model `cmy' substituted by `cmy0' on input line 1348.
Package xcolor Info: Model `hsb' substituted by `rgb' on input line 1352.
Package xcolor Info: Model `RGB' extended on input line 1364.
Package xcolor Info: Model `HTML' substituted by `rgb' on input line 1366.
Package xcolor Info: Model `Hsb' substituted by `hsb' on input line 1367.
Package xcolor Info: Model `tHsb' substituted by `hsb' on input line 1368.
Package xcolor Info: Model `HSB' substituted by `hsb' on input line 1369.
Package xcolor Info: Model `Gray' substituted by `gray' on input line 1370.
Package xcolor Info: Model `wave' substituted by `hsb' on input line 1371.
)
(/usr/local/texlive/2016/texmf-dist/tex/generic/pgf/basiclayer/pgfcore.code.tex
Package: pgfcore 2010/04/11 v3.0.1a (rcs-revision 1.7)
(/usr/local/texlive/2016/texmf-dist/tex/generic/pgf/math/pgfmath.code.tex
(/usr/local/texlive/2016/texmf-dist/tex/generic/pgf/math/pgfmathcalc.code.tex
(/usr/local/texlive/2016/texmf-dist/tex/generic/pgf/math/pgfmathutil.code.tex)
(/usr/local/texlive/2016/texmf-dist/tex/generic/pgf/math/pgfmathparser.code.tex
\pgfmath@dimen=\dimen144
\pgfmath@count=\count313
\pgfmath@box=\box31
\pgfmath@toks=\toks35
\pgfmath@stack@operand=\toks36
\pgfmath@stack@operation=\toks37
)
(/usr/local/texlive/2016/texmf-dist/tex/generic/pgf/math/pgfmathfunctions.code.
tex
(/usr/local/texlive/2016/texmf-dist/tex/generic/pgf/math/pgfmathfunctions.basic
.code.tex)
(/usr/local/texlive/2016/texmf-dist/tex/generic/pgf/math/pgfmathfunctions.trigo
nometric.code.tex)
(/usr/local/texlive/2016/texmf-dist/tex/generic/pgf/math/pgfmathfunctions.rando
m.code.tex)
(/usr/local/texlive/2016/texmf-dist/tex/generic/pgf/math/pgfmathfunctions.compa
rison.code.tex)
(/usr/local/texlive/2016/texmf-dist/tex/generic/pgf/math/pgfmathfunctions.base.
code.tex)
(/usr/local/texlive/2016/texmf-dist/tex/generic/pgf/math/pgfmathfunctions.round
.code.tex)
(/usr/local/texlive/2016/texmf-dist/tex/generic/pgf/math/pgfmathfunctions.misc.
code.tex)
(/usr/local/texlive/2016/texmf-dist/tex/generic/pgf/math/pgfmathfunctions.integ
erarithmetics.code.tex)))
(/usr/local/texlive/2016/texmf-dist/tex/generic/pgf/math/pgfmathfloat.code.tex
\c@pgfmathroundto@lastzeros=\count314
))
(/usr/local/texlive/2016/texmf-dist/tex/generic/pgf/basiclayer/pgfcorepoints.co
de.tex
File: pgfcorepoints.code.tex 2013/10/07  (rcs-revision 1.27)
\pgf@picminx=\dimen145
\pgf@picmaxx=\dimen146
\pgf@picminy=\dimen147
\pgf@picmaxy=\dimen148
\pgf@pathminx=\dimen149
\pgf@pathmaxx=\dimen150
\pgf@pathminy=\dimen151
\pgf@pathmaxy=\dimen152
\pgf@xx=\dimen153
\pgf@xy=\dimen154
\pgf@yx=\dimen155
\pgf@yy=\dimen156
\pgf@zx=\dimen157
\pgf@zy=\dimen158
)
(/usr/local/texlive/2016/texmf-dist/tex/generic/pgf/basiclayer/pgfcorepathconst
ruct.code.tex
File: pgfcorepathconstruct.code.tex 2013/10/07  (rcs-revision 1.29)
\pgf@path@lastx=\dimen159
\pgf@path@lasty=\dimen160
)
(/usr/local/texlive/2016/texmf-dist/tex/generic/pgf/basiclayer/pgfcorepathusage
.code.tex
File: pgfcorepathusage.code.tex 2014/11/02  (rcs-revision 1.24)
\pgf@shorten@end@additional=\dimen161
\pgf@shorten@start@additional=\dimen162
)
(/usr/local/texlive/2016/texmf-dist/tex/generic/pgf/basiclayer/pgfcorescopes.co
de.tex
File: pgfcorescopes.code.tex 2015/05/08  (rcs-revision 1.46)
\pgfpic=\box32
\pgf@hbox=\box33
\pgf@layerbox@main=\box34
\pgf@picture@serial@count=\count315
)
(/usr/local/texlive/2016/texmf-dist/tex/generic/pgf/basiclayer/pgfcoregraphicst
ate.code.tex
File: pgfcoregraphicstate.code.tex 2014/11/02  (rcs-revision 1.12)
\pgflinewidth=\dimen163
)
(/usr/local/texlive/2016/texmf-dist/tex/generic/pgf/basiclayer/pgfcoretransform
ations.code.tex
File: pgfcoretransformations.code.tex 2015/08/07  (rcs-revision 1.20)
\pgf@pt@x=\dimen164
\pgf@pt@y=\dimen165
\pgf@pt@temp=\dimen166
)
(/usr/local/texlive/2016/texmf-dist/tex/generic/pgf/basiclayer/pgfcorequick.cod
e.tex
File: pgfcorequick.code.tex 2008/10/09  (rcs-revision 1.3)
)
(/usr/local/texlive/2016/texmf-dist/tex/generic/pgf/basiclayer/pgfcoreobjects.c
ode.tex
File: pgfcoreobjects.code.tex 2006/10/11  (rcs-revision 1.2)
)
(/usr/local/texlive/2016/texmf-dist/tex/generic/pgf/basiclayer/pgfcorepathproce
ssing.code.tex
File: pgfcorepathprocessing.code.tex 2013/09/09  (rcs-revision 1.9)
)
(/usr/local/texlive/2016/texmf-dist/tex/generic/pgf/basiclayer/pgfcorearrows.co
de.tex
File: pgfcorearrows.code.tex 2015/05/14  (rcs-revision 1.43)
\pgfarrowsep=\dimen167
)
(/usr/local/texlive/2016/texmf-dist/tex/generic/pgf/basiclayer/pgfcoreshade.cod
e.tex
File: pgfcoreshade.code.tex 2013/07/15  (rcs-revision 1.15)
\pgf@max=\dimen168
\pgf@sys@shading@range@num=\count316
)
(/usr/local/texlive/2016/texmf-dist/tex/generic/pgf/basiclayer/pgfcoreimage.cod
e.tex
File: pgfcoreimage.code.tex 2013/07/15  (rcs-revision 1.18)

(/usr/local/texlive/2016/texmf-dist/tex/generic/pgf/basiclayer/pgfcoreexternal.
code.tex
File: pgfcoreexternal.code.tex 2014/07/09  (rcs-revision 1.21)
\pgfexternal@startupbox=\box35
))
(/usr/local/texlive/2016/texmf-dist/tex/generic/pgf/basiclayer/pgfcorelayers.co
de.tex
File: pgfcorelayers.code.tex 2013/07/18  (rcs-revision 1.7)
)
(/usr/local/texlive/2016/texmf-dist/tex/generic/pgf/basiclayer/pgfcoretranspare
ncy.code.tex
File: pgfcoretransparency.code.tex 2013/09/30  (rcs-revision 1.5)
)
(/usr/local/texlive/2016/texmf-dist/tex/generic/pgf/basiclayer/pgfcorepatterns.
code.tex
File: pgfcorepatterns.code.tex 2013/11/07  (rcs-revision 1.5)
)))
(/usr/local/texlive/2016/texmf-dist/tex/generic/pgf/modules/pgfmoduleshapes.cod
e.tex
File: pgfmoduleshapes.code.tex 2014/03/21  (rcs-revision 1.35)
\pgfnodeparttextbox=\box36
)
(/usr/local/texlive/2016/texmf-dist/tex/generic/pgf/modules/pgfmoduleplot.code.
tex
File: pgfmoduleplot.code.tex 2015/08/03  (rcs-revision 1.13)
)
(/usr/local/texlive/2016/texmf-dist/tex/latex/pgf/compatibility/pgfcomp-version
-0-65.sty
Package: pgfcomp-version-0-65 2007/07/03 v3.0.1a (rcs-revision 1.7)
\pgf@nodesepstart=\dimen169
\pgf@nodesepend=\dimen170
)
(/usr/local/texlive/2016/texmf-dist/tex/latex/pgf/compatibility/pgfcomp-version
-1-18.sty
Package: pgfcomp-version-1-18 2007/07/23 v3.0.1a (rcs-revision 1.1)
))
(/usr/local/texlive/2016/texmf-dist/tex/latex/pgf/utilities/pgffor.sty
(/usr/local/texlive/2016/texmf-dist/tex/latex/pgf/utilities/pgfkeys.sty
(/usr/local/texlive/2016/texmf-dist/tex/generic/pgf/utilities/pgfkeys.code.tex)
) (/usr/local/texlive/2016/texmf-dist/tex/latex/pgf/math/pgfmath.sty
(/usr/local/texlive/2016/texmf-dist/tex/generic/pgf/math/pgfmath.code.tex))
(/usr/local/texlive/2016/texmf-dist/tex/generic/pgf/utilities/pgffor.code.tex
Package: pgffor 2013/12/13 v3.0.1a (rcs-revision 1.25)

(/usr/local/texlive/2016/texmf-dist/tex/generic/pgf/math/pgfmath.code.tex)
\pgffor@iter=\dimen171
\pgffor@skip=\dimen172
\pgffor@stack=\toks38
\pgffor@toks=\toks39
))
(/usr/local/texlive/2016/texmf-dist/tex/generic/pgf/frontendlayer/tikz/tikz.cod
e.tex
Package: tikz 2015/08/07 v3.0.1a (rcs-revision 1.151)

(/usr/local/texlive/2016/texmf-dist/tex/generic/pgf/libraries/pgflibraryplothan
dlers.code.tex
File: pgflibraryplothandlers.code.tex 2013/08/31 v3.0.1a (rcs-revision 1.20)
\pgf@plot@mark@count=\count317
\pgfplotmarksize=\dimen173
)
\tikz@lastx=\dimen174
\tikz@lasty=\dimen175
\tikz@lastxsaved=\dimen176
\tikz@lastysaved=\dimen177
\tikzleveldistance=\dimen178
\tikzsiblingdistance=\dimen179
\tikz@figbox=\box37
\tikz@figbox@bg=\box38
\tikz@tempbox=\box39
\tikz@tempbox@bg=\box40
\tikztreelevel=\count318
\tikznumberofchildren=\count319
\tikznumberofcurrentchild=\count320
\tikz@fig@count=\count321

(/usr/local/texlive/2016/texmf-dist/tex/generic/pgf/modules/pgfmodulematrix.cod
e.tex
File: pgfmodulematrix.code.tex 2013/09/17  (rcs-revision 1.8)
\pgfmatrixcurrentrow=\count322
\pgfmatrixcurrentcolumn=\count323
\pgf@matrix@numberofcolumns=\count324
)
\tikz@expandcount=\count325

(/usr/local/texlive/2016/texmf-dist/tex/generic/pgf/frontendlayer/tikz/librarie
s/tikzlibrarytopaths.code.tex
File: tikzlibrarytopaths.code.tex 2008/06/17 v3.0.1a (rcs-revision 1.2)
)))
(/usr/local/texlive/2016/texmf-dist/tex/latex/xargs/xargs.sty
Package: xargs 2008/03/22 v1.1  extended macro definitions  (mpg)

(/usr/local/texlive/2016/texmf-dist/tex/latex/xkeyval/xkeyval.sty
Package: xkeyval 2014/12/03 v2.7a package option processing (HA)

(/usr/local/texlive/2016/texmf-dist/tex/generic/xkeyval/xkeyval.tex
(/usr/local/texlive/2016/texmf-dist/tex/generic/xkeyval/xkvutils.tex
\XKV@toks=\toks40
\XKV@tempa@toks=\toks41
)
\XKV@depth=\count326
File: xkeyval.tex 2014/12/03 v2.7a key=value parser (HA)
))
\xargs@max=\count327
\xargs@toksa=\toks42
\xargs@toksb=\toks43
)
(/usr/local/texlive/2016/texmf-dist/tex/generic/pgf/frontendlayer/tikz/librarie
s/tikzlibraryshapes.code.tex
File: tikzlibraryshapes.code.tex 2008/01/09 v3.0.1a (rcs-revision 1.1)

(/usr/local/texlive/2016/texmf-dist/tex/generic/pgf/frontendlayer/tikz/librarie
s/tikzlibraryshapes.geometric.code.tex
File: tikzlibraryshapes.geometric.code.tex 2008/01/09 v3.0.1a (rcs-revision 1.1
)

(/usr/local/texlive/2016/texmf-dist/tex/generic/pgf/libraries/shapes/pgflibrary
shapes.geometric.code.tex
File: pgflibraryshapes.geometric.code.tex 2008/06/26 v3.0.1a (rcs-revision 1.1)

))
(/usr/local/texlive/2016/texmf-dist/tex/generic/pgf/frontendlayer/tikz/librarie
s/tikzlibraryshapes.misc.code.tex
File: tikzlibraryshapes.misc.code.tex 2008/01/09 v3.0.1a (rcs-revision 1.1)

(/usr/local/texlive/2016/texmf-dist/tex/generic/pgf/libraries/shapes/pgflibrary
shapes.misc.code.tex
File: pgflibraryshapes.misc.code.tex 2013/07/18 v3.0.1a (rcs-revision 1.5)
))
(/usr/local/texlive/2016/texmf-dist/tex/generic/pgf/frontendlayer/tikz/librarie
s/tikzlibraryshapes.symbols.code.tex
File: tikzlibraryshapes.symbols.code.tex 2008/01/09 v3.0.1a (rcs-revision 1.1)

(/usr/local/texlive/2016/texmf-dist/tex/generic/pgf/libraries/shapes/pgflibrary
shapes.symbols.code.tex
File: pgflibraryshapes.symbols.code.tex 2013/09/11 v3.0.1a (rcs-revision 1.6)
))
(/usr/local/texlive/2016/texmf-dist/tex/generic/pgf/frontendlayer/tikz/librarie
s/tikzlibraryshapes.arrows.code.tex
File: tikzlibraryshapes.arrows.code.tex 2008/01/09 v3.0.1a (rcs-revision 1.1)

(/usr/local/texlive/2016/texmf-dist/tex/generic/pgf/libraries/shapes/pgflibrary
shapes.arrows.code.tex
File: pgflibraryshapes.arrows.code.tex 2008/06/26 v3.0.1a (rcs-revision 1.1)
))
(/usr/local/texlive/2016/texmf-dist/tex/generic/pgf/frontendlayer/tikz/librarie
s/tikzlibraryshapes.callouts.code.tex
(/usr/local/texlive/2016/texmf-dist/tex/generic/pgf/libraries/shapes/pgflibrary
shapes.callouts.code.tex))
(/usr/local/texlive/2016/texmf-dist/tex/generic/pgf/frontendlayer/tikz/librarie
s/tikzlibraryshapes.multipart.code.tex
File: tikzlibraryshapes.multipart.code.tex 2008/01/09 v3.0.1a (rcs-revision 1.1
)

(/usr/local/texlive/2016/texmf-dist/tex/generic/pgf/libraries/shapes/pgflibrary
shapes.multipart.code.tex
File: pgflibraryshapes.multipart.code.tex 2010/01/07 v3.0.1a (rcs-revision 1.2)

\pgfnodepartlowerbox=\box41
\pgfnodeparttwobox=\box42
\pgfnodepartthreebox=\box43
\pgfnodepartfourbox=\box44
\pgfnodeparttwentybox=\box45
\pgfnodepartnineteenbox=\box46
\pgfnodeparteighteenbox=\box47
\pgfnodepartseventeenbox=\box48
\pgfnodepartsixteenbox=\box49
\pgfnodepartfifteenbox=\box50
\pgfnodepartfourteenbox=\box51
\pgfnodepartthirteenbox=\box52
\pgfnodeparttwelvebox=\box53
\pgfnodepartelevenbox=\box54
\pgfnodeparttenbox=\box55
\pgfnodepartninebox=\box56
\pgfnodeparteightbox=\box57
\pgfnodepartsevenbox=\box58
\pgfnodepartsixbox=\box59
\pgfnodepartfivebox=\box60
)))
(/usr/local/texlive/2016/texmf-dist/tex/generic/pgf/frontendlayer/tikz/librarie
s/tikzlibraryarrows.code.tex
File: tikzlibraryarrows.code.tex 2008/01/09 v3.0.1a (rcs-revision 1.1)

(/usr/local/texlive/2016/texmf-dist/tex/generic/pgf/libraries/pgflibraryarrows.
code.tex
File: pgflibraryarrows.code.tex 2013/09/23 v3.0.1a (rcs-revision 1.16)
\arrowsize=\dimen180
))
(/usr/local/texlive/2016/texmf-dist/tex/generic/pgf/frontendlayer/tikz/librarie
s/tikzlibrarypositioning.code.tex
File: tikzlibrarypositioning.code.tex 2008/10/06 v3.0.1a (rcs-revision 1.7)
)
(/usr/local/texlive/2016/texmf-dist/tex/generic/pgf/frontendlayer/tikz/librarie
s/tikzlibraryautomata.code.tex
File: tikzlibraryautomata.code.tex 2008/07/14 v3.0.1a (rcs-revision 1.3)
)
(/usr/local/texlive/2016/texmf-dist/tex/generic/pgf/frontendlayer/tikz/librarie
s/tikzlibrarycalc.code.tex
File: tikzlibrarycalc.code.tex 2013/07/15 v3.0.1a (rcs-revision 1.9)
)
(/usr/local/texlive/2016/texmf-dist/tex/generic/pgf/frontendlayer/tikz/librarie
s/tikzlibrarydecorations.pathreplacing.code.tex
(/usr/local/texlive/2016/texmf-dist/tex/generic/pgf/frontendlayer/tikz/librarie
s/tikzlibrarydecorations.code.tex
(/usr/local/texlive/2016/texmf-dist/tex/generic/pgf/modules/pgfmoduledecoration
s.code.tex
\pgfdecoratedcompleteddistance=\dimen181
\pgfdecoratedremainingdistance=\dimen182
\pgfdecoratedinputsegmentcompleteddistance=\dimen183
\pgfdecoratedinputsegmentremainingdistance=\dimen184
\pgf@decorate@distancetomove=\dimen185
\pgf@decorate@repeatstate=\count328
\pgfdecorationsegmentamplitude=\dimen186
\pgfdecorationsegmentlength=\dimen187
)
\tikz@lib@dec@box=\box61
)
(/usr/local/texlive/2016/texmf-dist/tex/generic/pgf/libraries/decorations/pgfli
brarydecorations.pathreplacing.code.tex))
(/usr/local/texlive/2016/texmf-dist/tex/generic/pgf/frontendlayer/tikz/librarie
s/tikzlibrarydecorations.pathmorphing.code.tex
(/usr/local/texlive/2016/texmf-dist/tex/generic/pgf/libraries/decorations/pgfli
brarydecorations.pathmorphing.code.tex))
(/usr/local/texlive/2016/texmf-dist/tex/generic/pgf/frontendlayer/tikz/librarie
s/tikzlibrarypatterns.code.tex
File: tikzlibrarypatterns.code.tex 2008/01/15 v3.0.1a (rcs-revision 1.2)

(/usr/local/texlive/2016/texmf-dist/tex/generic/pgf/libraries/pgflibrarypattern
s.code.tex
File: pgflibrarypatterns.code.tex 2008/03/03 v3.0.1a (rcs-revision 1.13)
))) (/usr/local/texlive/2016/texmf-dist/tex/latex/fourier/fourier.sty
Package: fourier 2005/01/01 1.4 fourier-GUTenberg package
Now handling font encoding FML ...
... no UTF-8 mapping file for font encoding FML
Now handling font encoding FMS ...
... no UTF-8 mapping file for font encoding FMS
Now handling font encoding FMX ...
... no UTF-8 mapping file for font encoding FMX
(/usr/local/texlive/2016/texmf-dist/tex/latex/base/fontenc.sty
Package: fontenc 2005/09/27 v1.99g Standard LaTeX package

(/usr/local/texlive/2016/texmf-dist/tex/latex/base/t1enc.def
File: t1enc.def 2005/09/27 v1.99g Standard LaTeX file
LaTeX Font Info:    Redeclaring font encoding T1 on input line 48.
))
(/usr/local/texlive/2016/texmf-dist/tex/latex/base/textcomp.sty
Package: textcomp 2005/09/27 v1.99g Standard LaTeX package
Package textcomp Info: Sub-encoding information:
(textcomp)               5 = only ISO-Adobe without \textcurrency
(textcomp)               4 = 5 + \texteuro
(textcomp)               3 = 4 + \textohm
(textcomp)               2 = 3 + \textestimated + \textcurrency
(textcomp)               1 = TS1 - \textcircled - \t
(textcomp)               0 = TS1 (full)
(textcomp)             Font families with sub-encoding setting implement
(textcomp)             only a restricted character set as indicated.
(textcomp)             Family '?' is the default used for unknown fonts.
(textcomp)             See the documentation for details.
Package textcomp Info: Setting ? sub-encoding to TS1/1 on input line 79.

(/usr/local/texlive/2016/texmf-dist/tex/latex/base/ts1enc.def
File: ts1enc.def 2001/06/05 v3.0e (jk/car/fm) Standard LaTeX file
Now handling font encoding TS1 ...
... processing UTF-8 mapping file for font encoding TS1

(/usr/local/texlive/2016/texmf-dist/tex/latex/base/ts1enc.dfu
File: ts1enc.dfu 2016/02/28 v1.1s UTF-8 support for inputenc
   defining Unicode char U+00A2 (decimal 162)
   defining Unicode char U+00A3 (decimal 163)
   defining Unicode char U+00A4 (decimal 164)
   defining Unicode char U+00A5 (decimal 165)
   defining Unicode char U+00A6 (decimal 166)
   defining Unicode char U+00A7 (decimal 167)
   defining Unicode char U+00A8 (decimal 168)
   defining Unicode char U+00A9 (decimal 169)
   defining Unicode char U+00AA (decimal 170)
   defining Unicode char U+00AC (decimal 172)
   defining Unicode char U+00AE (decimal 174)
   defining Unicode char U+00AF (decimal 175)
   defining Unicode char U+00B0 (decimal 176)
   defining Unicode char U+00B1 (decimal 177)
   defining Unicode char U+00B2 (decimal 178)
   defining Unicode char U+00B3 (decimal 179)
   defining Unicode char U+00B4 (decimal 180)
   defining Unicode char U+00B5 (decimal 181)
   defining Unicode char U+00B6 (decimal 182)
   defining Unicode char U+00B7 (decimal 183)
   defining Unicode char U+00B9 (decimal 185)
   defining Unicode char U+00BA (decimal 186)
   defining Unicode char U+00BC (decimal 188)
   defining Unicode char U+00BD (decimal 189)
   defining Unicode char U+00BE (decimal 190)
   defining Unicode char U+00D7 (decimal 215)
   defining Unicode char U+00F7 (decimal 247)
   defining Unicode char U+0192 (decimal 402)
   defining Unicode char U+02C7 (decimal 711)
   defining Unicode char U+02D8 (decimal 728)
   defining Unicode char U+02DD (decimal 733)
   defining Unicode char U+0E3F (decimal 3647)
   defining Unicode char U+2016 (decimal 8214)
   defining Unicode char U+2020 (decimal 8224)
   defining Unicode char U+2021 (decimal 8225)
   defining Unicode char U+2022 (decimal 8226)
   defining Unicode char U+2030 (decimal 8240)
   defining Unicode char U+2031 (decimal 8241)
   defining Unicode char U+203B (decimal 8251)
   defining Unicode char U+203D (decimal 8253)
   defining Unicode char U+2044 (decimal 8260)
   defining Unicode char U+204E (decimal 8270)
   defining Unicode char U+2052 (decimal 8274)
   defining Unicode char U+20A1 (decimal 8353)
   defining Unicode char U+20A4 (decimal 8356)
   defining Unicode char U+20A6 (decimal 8358)
   defining Unicode char U+20A9 (decimal 8361)
   defining Unicode char U+20AB (decimal 8363)
   defining Unicode char U+20AC (decimal 8364)
   defining Unicode char U+20B1 (decimal 8369)
   defining Unicode char U+2103 (decimal 8451)
   defining Unicode char U+2116 (decimal 8470)
   defining Unicode char U+2117 (decimal 8471)
   defining Unicode char U+211E (decimal 8478)
   defining Unicode char U+2120 (decimal 8480)
   defining Unicode char U+2122 (decimal 8482)
   defining Unicode char U+2126 (decimal 8486)
   defining Unicode char U+2127 (decimal 8487)
   defining Unicode char U+212E (decimal 8494)
   defining Unicode char U+2190 (decimal 8592)
   defining Unicode char U+2191 (decimal 8593)
   defining Unicode char U+2192 (decimal 8594)
   defining Unicode char U+2193 (decimal 8595)
   defining Unicode char U+2329 (decimal 9001)
   defining Unicode char U+232A (decimal 9002)
   defining Unicode char U+2422 (decimal 9250)
   defining Unicode char U+25E6 (decimal 9702)
   defining Unicode char U+25EF (decimal 9711)
   defining Unicode char U+266A (decimal 9834)
))
LaTeX Info: Redefining \oldstylenums on input line 334.
Package textcomp Info: Setting cmr sub-encoding to TS1/0 on input line 349.
Package textcomp Info: Setting cmss sub-encoding to TS1/0 on input line 350.
Package textcomp Info: Setting cmtt sub-encoding to TS1/0 on input line 351.
Package textcomp Info: Setting cmvtt sub-encoding to TS1/0 on input line 352.
Package textcomp Info: Setting cmbr sub-encoding to TS1/0 on input line 353.
Package textcomp Info: Setting cmtl sub-encoding to TS1/0 on input line 354.
Package textcomp Info: Setting ccr sub-encoding to TS1/0 on input line 355.
Package textcomp Info: Setting ptm sub-encoding to TS1/4 on input line 356.
Package textcomp Info: Setting pcr sub-encoding to TS1/4 on input line 357.
Package textcomp Info: Setting phv sub-encoding to TS1/4 on input line 358.
Package textcomp Info: Setting ppl sub-encoding to TS1/3 on input line 359.
Package textcomp Info: Setting pag sub-encoding to TS1/4 on input line 360.
Package textcomp Info: Setting pbk sub-encoding to TS1/4 on input line 361.
Package textcomp Info: Setting pnc sub-encoding to TS1/4 on input line 362.
Package textcomp Info: Setting pzc sub-encoding to TS1/4 on input line 363.
Package textcomp Info: Setting bch sub-encoding to TS1/4 on input line 364.
Package textcomp Info: Setting put sub-encoding to TS1/5 on input line 365.
Package textcomp Info: Setting uag sub-encoding to TS1/5 on input line 366.
Package textcomp Info: Setting ugq sub-encoding to TS1/5 on input line 367.
Package textcomp Info: Setting ul8 sub-encoding to TS1/4 on input line 368.
Package textcomp Info: Setting ul9 sub-encoding to TS1/4 on input line 369.
Package textcomp Info: Setting augie sub-encoding to TS1/5 on input line 370.
Package textcomp Info: Setting dayrom sub-encoding to TS1/3 on input line 371.
Package textcomp Info: Setting dayroms sub-encoding to TS1/3 on input line 372.

Package textcomp Info: Setting pxr sub-encoding to TS1/0 on input line 373.
Package textcomp Info: Setting pxss sub-encoding to TS1/0 on input line 374.
Package textcomp Info: Setting pxtt sub-encoding to TS1/0 on input line 375.
Package textcomp Info: Setting txr sub-encoding to TS1/0 on input line 376.
Package textcomp Info: Setting txss sub-encoding to TS1/0 on input line 377.
Package textcomp Info: Setting txtt sub-encoding to TS1/0 on input line 378.
Package textcomp Info: Setting lmr sub-encoding to TS1/0 on input line 379.
Package textcomp Info: Setting lmdh sub-encoding to TS1/0 on input line 380.
Package textcomp Info: Setting lmss sub-encoding to TS1/0 on input line 381.
Package textcomp Info: Setting lmssq sub-encoding to TS1/0 on input line 382.
Package textcomp Info: Setting lmvtt sub-encoding to TS1/0 on input line 383.
Package textcomp Info: Setting lmtt sub-encoding to TS1/0 on input line 384.
Package textcomp Info: Setting qhv sub-encoding to TS1/0 on input line 385.
Package textcomp Info: Setting qag sub-encoding to TS1/0 on input line 386.
Package textcomp Info: Setting qbk sub-encoding to TS1/0 on input line 387.
Package textcomp Info: Setting qcr sub-encoding to TS1/0 on input line 388.
Package textcomp Info: Setting qcs sub-encoding to TS1/0 on input line 389.
Package textcomp Info: Setting qpl sub-encoding to TS1/0 on input line 390.
Package textcomp Info: Setting qtm sub-encoding to TS1/0 on input line 391.
Package textcomp Info: Setting qzc sub-encoding to TS1/0 on input line 392.
Package textcomp Info: Setting qhvc sub-encoding to TS1/0 on input line 393.
Package textcomp Info: Setting futs sub-encoding to TS1/4 on input line 394.
Package textcomp Info: Setting futx sub-encoding to TS1/4 on input line 395.
Package textcomp Info: Setting futj sub-encoding to TS1/4 on input line 396.
Package textcomp Info: Setting hlh sub-encoding to TS1/3 on input line 397.
Package textcomp Info: Setting hls sub-encoding to TS1/3 on input line 398.
Package textcomp Info: Setting hlst sub-encoding to TS1/3 on input line 399.
Package textcomp Info: Setting hlct sub-encoding to TS1/5 on input line 400.
Package textcomp Info: Setting hlx sub-encoding to TS1/5 on input line 401.
Package textcomp Info: Setting hlce sub-encoding to TS1/5 on input line 402.
Package textcomp Info: Setting hlcn sub-encoding to TS1/5 on input line 403.
Package textcomp Info: Setting hlcw sub-encoding to TS1/5 on input line 404.
Package textcomp Info: Setting hlcf sub-encoding to TS1/5 on input line 405.
Package textcomp Info: Setting pplx sub-encoding to TS1/3 on input line 406.
Package textcomp Info: Setting pplj sub-encoding to TS1/3 on input line 407.
Package textcomp Info: Setting ptmx sub-encoding to TS1/4 on input line 408.
Package textcomp Info: Setting ptmj sub-encoding to TS1/4 on input line 409.
)
(/usr/local/texlive/2016/texmf-dist/tex/latex/fourier/fourier-orns.sty
Package: fourier-orns 2004/01/30 1.1 fourier-ornaments package
)
LaTeX Font Info:    Redeclaring symbol font `operators' on input line 50.
LaTeX Font Info:    Encoding `OT1' has changed to `T1' for symbol font
(Font)              `operators' in the math version `normal' on input line 50.
LaTeX Font Info:    Overwriting symbol font `operators' in version `normal'
(Font)                  OT1/cmr/m/n --> T1/futs/m/n on input line 50.
LaTeX Font Info:    Encoding `OT1' has changed to `T1' for symbol font
(Font)              `operators' in the math version `bold' on input line 50.
LaTeX Font Info:    Overwriting symbol font `operators' in version `bold'
(Font)                  OT1/cmr/bx/n --> T1/futs/m/n on input line 50.
LaTeX Font Info:    Overwriting symbol font `operators' in version `bold'
(Font)                  T1/futs/m/n --> T1/futs/b/n on input line 51.
LaTeX Font Info:    Redeclaring symbol font `letters' on input line 59.
LaTeX Font Info:    Encoding `OML' has changed to `FML' for symbol font
(Font)              `letters' in the math version `normal' on input line 59.
LaTeX Font Info:    Overwriting symbol font `letters' in version `normal'
(Font)                  OML/cmm/m/it --> FML/futmi/m/it on input line 59.
LaTeX Font Info:    Encoding `OML' has changed to `FML' for symbol font
(Font)              `letters' in the math version `bold' on input line 59.
LaTeX Font Info:    Overwriting symbol font `letters' in version `bold'
(Font)                  OML/cmm/b/it --> FML/futmi/m/it on input line 59.
\symotherletters=\mathgroup4
LaTeX Font Info:    Overwriting symbol font `letters' in version `bold'
(Font)                  FML/futmi/m/it --> FML/futmi/b/it on input line 61.
LaTeX Font Info:    Overwriting symbol font `otherletters' in version `bold'
(Font)                  FML/futm/m/it --> FML/futm/b/it on input line 62.
LaTeX Font Info:    Redeclaring math symbol \Gamma on input line 63.
LaTeX Font Info:    Redeclaring math symbol \Delta on input line 64.
LaTeX Font Info:    Redeclaring math symbol \Theta on input line 65.
LaTeX Font Info:    Redeclaring math symbol \Lambda on input line 66.
LaTeX Font Info:    Redeclaring math symbol \Xi on input line 67.
LaTeX Font Info:    Redeclaring math symbol \Pi on input line 68.
LaTeX Font Info:    Redeclaring math symbol \Sigma on input line 69.
LaTeX Font Info:    Redeclaring math symbol \Upsilon on input line 70.
LaTeX Font Info:    Redeclaring math symbol \Phi on input line 71.
LaTeX Font Info:    Redeclaring math symbol \Psi on input line 72.
LaTeX Font Info:    Redeclaring math symbol \Omega on input line 73.
LaTeX Font Info:    Redeclaring symbol font `symbols' on input line 113.
LaTeX Font Info:    Encoding `OMS' has changed to `FMS' for symbol font
(Font)              `symbols' in the math version `normal' on input line 113.
LaTeX Font Info:    Overwriting symbol font `symbols' in version `normal'
(Font)                  OMS/cmsy/m/n --> FMS/futm/m/n on input line 113.
LaTeX Font Info:    Encoding `OMS' has changed to `FMS' for symbol font
(Font)              `symbols' in the math version `bold' on input line 113.
LaTeX Font Info:    Overwriting symbol font `symbols' in version `bold'
(Font)                  OMS/cmsy/b/n --> FMS/futm/m/n on input line 113.
LaTeX Font Info:    Redeclaring symbol font `largesymbols' on input line 114.
LaTeX Font Info:    Encoding `OMX' has changed to `FMX' for symbol font
(Font)              `largesymbols' in the math version `normal' on input line 1
14.
LaTeX Font Info:    Overwriting symbol font `largesymbols' in version `normal'
(Font)                  OMX/cmex/m/n --> FMX/futm/m/n on input line 114.
LaTeX Font Info:    Encoding `OMX' has changed to `FMX' for symbol font
(Font)              `largesymbols' in the math version `bold' on input line 114
.
LaTeX Font Info:    Overwriting symbol font `largesymbols' in version `bold'
(Font)                  OMX/cmex/m/n --> FMX/futm/m/n on input line 114.
LaTeX Font Info:    Redeclaring math alphabet \mathbf on input line 115.
LaTeX Font Info:    Overwriting math alphabet `\mathbf' in version `normal'
(Font)                  OT1/cmr/bx/n --> T1/futs/bx/n on input line 115.
LaTeX Font Info:    Overwriting math alphabet `\mathbf' in version `bold'
(Font)                  OT1/cmr/bx/n --> T1/futs/bx/n on input line 115.
LaTeX Font Info:    Redeclaring math alphabet \mathrm on input line 116.
LaTeX Font Info:    Redeclaring math alphabet \mathit on input line 117.
LaTeX Font Info:    Overwriting math alphabet `\mathit' in version `normal'
(Font)                  OT1/cmr/m/it --> T1/futs/m/it on input line 117.
LaTeX Font Info:    Overwriting math alphabet `\mathit' in version `bold'
(Font)                  OT1/cmr/bx/it --> T1/futs/m/it on input line 117.
LaTeX Font Info:    Redeclaring math alphabet \mathcal on input line 118.
LaTeX Font Info:    Redeclaring math symbol \parallel on input line 134.
LaTeX Font Info:    Redeclaring math symbol \hbar on input line 148.
LaTeX Font Info:    Redeclaring math symbol \varkappa on input line 186.
LaTeX Font Info:    Redeclaring math symbol \varvarrho on input line 187.
LaTeX Font Info:    Redeclaring math delimiter \Vert on input line 210.
LaTeX Font Info:    Redeclaring math delimiter \vert on input line 215.
LaTeX Font Info:    Redeclaring math delimiter \lvert on input line 217.
LaTeX Font Info:    Redeclaring math delimiter \rvert on input line 219.
LaTeX Font Info:    Redeclaring math delimiter \lVert on input line 221.
LaTeX Font Info:    Redeclaring math delimiter \rVert on input line 223.
LaTeX Font Info:    Redeclaring math delimiter \Downarrow on input line 225.
LaTeX Font Info:    Redeclaring math delimiter \backslash on input line 227.
LaTeX Font Info:    Redeclaring math delimiter \rangle on input line 229.
LaTeX Font Info:    Redeclaring math delimiter \langle on input line 231.
LaTeX Font Info:    Redeclaring math delimiter \rbrace on input line 233.
LaTeX Font Info:    Redeclaring math delimiter \lbrace on input line 235.
LaTeX Font Info:    Redeclaring math delimiter \rceil on input line 237.
LaTeX Font Info:    Redeclaring math delimiter \lceil on input line 239.
LaTeX Font Info:    Redeclaring math delimiter \rfloor on input line 241.
LaTeX Font Info:    Redeclaring math delimiter \lfloor on input line 243.
LaTeX Font Info:    Redeclaring math accent \acute on input line 247.
LaTeX Font Info:    Redeclaring math accent \grave on input line 248.
LaTeX Font Info:    Redeclaring math accent \ddot on input line 249.
LaTeX Font Info:    Redeclaring math accent \tilde on input line 250.
LaTeX Font Info:    Redeclaring math accent \bar on input line 251.
LaTeX Font Info:    Redeclaring math accent \breve on input line 252.
LaTeX Font Info:    Redeclaring math accent \check on input line 253.
LaTeX Font Info:    Redeclaring math accent \hat on input line 254.
LaTeX Font Info:    Redeclaring math accent \dot on input line 255.
LaTeX Font Info:    Redeclaring math accent \mathring on input line 256.
\symUfutm=\mathgroup5
)
(/usr/local/texlive/2016/texmf-dist/tex/latex/mathtools/mathtools.sty
Package: mathtools 2015/11/12 v1.18 mathematical typesetting tools

(/usr/local/texlive/2016/texmf-dist/tex/latex/tools/calc.sty
Package: calc 2014/10/28 v4.3 Infix arithmetic (KKT,FJ)
\calc@Acount=\count329
\calc@Bcount=\count330
\calc@Adimen=\dimen188
\calc@Bdimen=\dimen189
\calc@Askip=\skip71
\calc@Bskip=\skip72
LaTeX Info: Redefining \setlength on input line 80.
LaTeX Info: Redefining \addtolength on input line 81.
\calc@Ccount=\count331
\calc@Cskip=\skip73
)
(/usr/local/texlive/2016/texmf-dist/tex/latex/mathtools/mhsetup.sty
Package: mhsetup 2010/01/21 v1.2a programming setup (MH)
)
LaTeX Info: Thecontrolsequence`\('isalreadyrobust on input line 129.
LaTeX Info: Thecontrolsequence`\)'isalreadyrobust on input line 129.
LaTeX Info: Thecontrolsequence`\['isalreadyrobust on input line 129.
LaTeX Info: Thecontrolsequence`\]'isalreadyrobust on input line 129.
\g_MT_multlinerow_int=\count332
\l_MT_multwidth_dim=\dimen190
\origjot=\skip74
\l_MT_shortvdotswithinadjustabove_dim=\dimen191
\l_MT_shortvdotswithinadjustbelow_dim=\dimen192
\l_MT_above_intertext_sep=\dimen193
\l_MT_below_intertext_sep=\dimen194
\l_MT_above_shortintertext_sep=\dimen195
\l_MT_below_shortintertext_sep=\dimen196
)
\c@theorem=\count333
\c@corollary=\count334
Package biblatex Info: Trying to load language 'english'...
Package biblatex Info: ... file 'english.lbx' found.

(/usr/local/texlive/2016/texmf-dist/tex/latex/biblatex/lbx/english.lbx
File: english.lbx 2016/05/14 v3.4 biblatex localization (PK/JW/AB)
)
\@quotelevel=\count335
\@quotereset=\count336
))
(./2014-0407-3.aux)
\openout1 = `2014-0407-3.aux'.

LaTeX Font Info:    Checking defaults for OML/cmm/m/it on input line 3.
LaTeX Font Info:    ... okay on input line 3.
LaTeX Font Info:    Checking defaults for T1/cmr/m/n on input line 3.
LaTeX Font Info:    ... okay on input line 3.
LaTeX Font Info:    Checking defaults for OT1/cmr/m/n on input line 3.
LaTeX Font Info:    ... okay on input line 3.
LaTeX Font Info:    Checking defaults for OMS/cmsy/m/n on input line 3.
LaTeX Font Info:    ... okay on input line 3.
LaTeX Font Info:    Checking defaults for OMX/cmex/m/n on input line 3.
LaTeX Font Info:    ... okay on input line 3.
LaTeX Font Info:    Checking defaults for U/cmr/m/n on input line 3.
LaTeX Font Info:    ... okay on input line 3.
LaTeX Font Info:    Checking defaults for PD1/pdf/m/n on input line 3.
LaTeX Font Info:    ... okay on input line 3.
LaTeX Font Info:    Checking defaults for FML/futm/m/it on input line 3.
LaTeX Font Info:    Try loading font information for FML+futm on input line 3.

(/usr/local/texlive/2016/texmf-dist/tex/latex/fourier/fmlfutm.fd
File: fmlfutm.fd 2004/10/30 Fontinst v1.926 font definitions for FML/futm.
)
LaTeX Font Info:    ... okay on input line 3.
LaTeX Font Info:    Checking defaults for FMS/futm/m/n on input line 3.
LaTeX Font Info:    Try loading font information for FMS+futm on input line 3.

(/usr/local/texlive/2016/texmf-dist/tex/latex/fourier/fmsfutm.fd
File: fmsfutm.fd 2004/10/30 Fontinst v1.926 font definitions for FMS/futm.
)
LaTeX Font Info:    ... okay on input line 3.
LaTeX Font Info:    Checking defaults for FMX/futm/m/n on input line 3.
LaTeX Font Info:    Try loading font information for FMX+futm on input line 3.

(/usr/local/texlive/2016/texmf-dist/tex/latex/fourier/fmxfutm.fd
File: fmxfutm.fd futm-extension
)
LaTeX Font Info:    ... okay on input line 3.
LaTeX Font Info:    Checking defaults for TS1/cmr/m/n on input line 3.
LaTeX Font Info:    Try loading font information for TS1+cmr on input line 3.

(/usr/local/texlive/2016/texmf-dist/tex/latex/base/ts1cmr.fd
File: ts1cmr.fd 2014/09/29 v2.5h Standard LaTeX font definitions
)
LaTeX Font Info:    ... okay on input line 3.
LaTeX Font Info:    Try loading font information for T1+futs on input line 3.

(/usr/local/texlive/2016/texmf-dist/tex/latex/fourier/t1futs.fd
File: t1futs.fd 2004/03/02 Fontinst v1.926 font definitions for T1/futs.
)
Package marginnote Info: \pdfoutput not 0 and \pdflastxpos available.
(marginnote)             Extended position detection mode activated.

*geometry* driver: auto-detecting
*geometry* detected driver: pdftex
*geometry* verbose mode - [ preamble ] result:
* driver: pdftex
* paper: <default>
* layout: <same size as paper>
* layoutoffset:(h,v)=(0.0pt,0.0pt)
* modes: 
* h-part:(L,W,R)=(92.14519pt, 430.00462pt, 92.14519pt)
* v-part:(T,H,B)=(95.39737pt, 556.47656pt, 143.09605pt)
* \paperwidth=614.295pt
* \paperheight=794.96999pt
* \textwidth=430.00462pt
* \textheight=556.47656pt
* \oddsidemargin=19.8752pt
* \evensidemargin=19.8752pt
* \topmargin=-13.87262pt
* \headheight=12.0pt
* \headsep=25.0pt
* \topskip=12.0pt
* \footskip=30.0pt
* \marginparwidth=44.0pt
* \marginparsep=10.0pt
* \columnsep=10.0pt
* \skip\footins=10.8pt plus 4.0pt minus 2.0pt
* \hoffset=0.0pt
* \voffset=0.0pt
* \mag=1000
* \@twocolumnfalse
* \@twosidefalse
* \@mparswitchfalse
* \@reversemargintrue
* (1in=72.27pt=25.4mm, 1cm=28.453pt)

\AtBeginShipoutBox=\box62
Package hyperref Info: Link coloring ON on input line 3.
(/usr/local/texlive/2016/texmf-dist/tex/latex/hyperref/nameref.sty
Package: nameref 2012/10/27 v2.43 Cross-referencing by name of section

(/usr/local/texlive/2016/texmf-dist/tex/generic/oberdiek/gettitlestring.sty
Package: gettitlestring 2016/05/16 v1.5 Cleanup title references (HO)
)
\c@section@level=\count337
)
LaTeX Info: Redefining \ref on input line 3.
LaTeX Info: Redefining \pageref on input line 3.
LaTeX Info: Redefining \nameref on input line 3.

(./2014-0407-3.out) (./2014-0407-3.out)
\@outlinefile=\write6
\openout6 = `2014-0407-3.out'.

LaTeX Info: Redefining \microtypecontext on input line 3.
Package microtype Info: Generating PDF output.
Package microtype Info: Character protrusion enabled (level 2).
Package microtype Info: Using default protrusion set `alltext'.
Package microtype Info: Automatic font expansion enabled (level 2),
(microtype)             stretch: 20, shrink: 20, step: 1, non-selected.
Package microtype Info: Using default expansion set `basictext'.
Package microtype Info: No adjustment of tracking.
Package microtype Info: No adjustment of interword spacing.
Package microtype Info: No adjustment of character kerning.
Package microtype Info: Loading generic settings for font family
(microtype)             `futs' (encoding: T1).
(microtype)             For optimal results, create family-specific settings.
(microtype)             See the microtype manual for details.

(/usr/local/texlive/2016/texmf-dist/tex/context/base/mkii/supp-pdf.mkii
[Loading MPS to PDF converter (version 2006.09.02).]
\scratchcounter=\count338
\scratchdimen=\dimen197
\scratchbox=\box63
\nofMPsegments=\count339
\nofMParguments=\count340
\everyMPshowfont=\toks44
\MPscratchCnt=\count341
\MPscratchDim=\dimen198
\MPnumerator=\count342
\makeMPintoPDFobject=\count343
\everyMPtoPDFconversion=\toks45
) (/usr/local/texlive/2016/texmf-dist/tex/latex/oberdiek/epstopdf-base.sty
Package: epstopdf-base 2016/05/15 v2.6 Base part for package epstopdf

(/usr/local/texlive/2016/texmf-dist/tex/latex/oberdiek/grfext.sty
Package: grfext 2016/05/16 v1.2 Manage graphics extensions (HO)
)
Package grfext Info: Graphics extension search list:
(grfext)             [.png,.pdf,.jpg,.mps,.jpeg,.jbig2,.jb2,.PNG,.PDF,.JPG,.JPE
G,.JBIG2,.JB2,.eps]
(grfext)             \AppendGraphicsExtensions on input line 456.

(/usr/local/texlive/2016/texmf-dist/tex/latex/latexconfig/epstopdf-sys.cfg
File: epstopdf-sys.cfg 2010/07/13 v1.3 Configuration of (r)epstopdf for TeX Liv
e
))
Package caption Info: Begin \AtBeginDocument code.
Package caption Info: End \AtBeginDocument code.
Package biblatex Info: Input encoding 'utf8' detected.
Package biblatex Info: Automatic encoding selection.
(biblatex)             Assuming data encoding 'utf8'.
Package biblatex Info: Input encoding 'utf8' specified.
Package biblatex Info: Data encoding 'utf8' specified.
(biblatex)             No need to reencode data.
\openout4 = `2014-0407-3-blx.bib'.

Package biblatex Info: Trying to load bibliographic data...
Package biblatex Info: ... file '2014-0407-3.bbl' not found.

No file 2014-0407-3.bbl.
Package biblatex Info: Reference section=0 on input line 3.
Package biblatex Info: Reference segment=0 on input line 3.
ABD: EveryShipout initializing macros
LaTeX Font Info:    Font shape `T1/futs/bx/n' in size <14.4> not available
(Font)              Font shape `T1/futs/b/n' tried instead on input line 5.

<images/2014-0407-3.jpg, id=15, 1737.49126pt x 875.27pt>
File: images/2014-0407-3.jpg Graphic file (type jpg)

<use images/2014-0407-3.jpg>
Package pdftex.def Info: images/2014-0407-3.jpg used on input line 9.
(pdftex.def)             Requested size: 322.50346pt x 162.45663pt.

<images/2014-0407-3-dati.jpg, id=16, 1993.4475pt x 240.9pt>
File: images/2014-0407-3-dati.jpg Graphic file (type jpg)

<use images/2014-0407-3-dati.jpg>
Package pdftex.def Info: images/2014-0407-3-dati.jpg used on input line 14.
(pdftex.def)             Requested size: 430.00462pt x 51.96156pt.
LaTeX Font Info:    Try loading font information for FML+futmi on input line 17
.

(/usr/local/texlive/2016/texmf-dist/tex/latex/fourier/fmlfutmi.fd
File: fmlfutmi.fd 2004/10/30 Fontinst v1.926 font definitions for FML/futmi.
)
LaTeX Font Info:    Font shape `FMX/futm/m/n' will be
(Font)              scaled to size 11.03998pt on input line 17.
LaTeX Font Info:    Font shape `FMX/futm/m/n' will be
(Font)              scaled to size 8.27998pt on input line 17.
LaTeX Font Info:    Font shape `FMX/futm/m/n' will be
(Font)              scaled to size 6.43999pt on input line 17.
LaTeX Font Info:    Font shape `U/futm/m/n' will be
(Font)              scaled to size 11.03998pt on input line 17.
LaTeX Font Info:    Font shape `U/futm/m/n' will be
(Font)              scaled to size 8.27998pt on input line 17.
LaTeX Font Info:    Font shape `U/futm/m/n' will be
(Font)              scaled to size 6.43999pt on input line 17.


Package Fancyhdr Warning: \headheight is too small (12.0pt): 
 Make it at least 14.49998pt.
 We now make it that large for the rest of the document.
 This may cause the page layout to be inconsistent, however.

[1

{/usr/local/texlive/2016/texmf-var/fonts/map/pdftex/updmap/pdftex.map} <./image
s/2014-0407-3.jpg> <./images/2014-0407-3-dati.jpg>]
LaTeX Font Info:    Font shape `T1/futs/bx/n' in size <12> not available
(Font)              Font shape `T1/futs/b/n' tried instead on input line 32.

Overfull \hbox (23.58746pt too wide) in paragraph at lines 59--60
\T1/futs/m/n/12 (-20) forma un an-golo di $\FML/futmi/m/it/12 ^^Y$\T1/futs/m/n/
12 (-20) . La forza d'attrito di-nam-ico  definita come: $[] \FMS/futm/m/n/12 
 \FML/futmi/m/it/12 M[]gf[] []\T1/futs/m/n/12 (-20) ([] \FMS/futm/m/n/12 
 []


Package Fancyhdr Warning: \headheight is too small (12.0pt): 
 Make it at least 14.49998pt.
 We now make it that large for the rest of the document.
 This may cause the page layout to be inconsistent, however.

[2

]

Package Fancyhdr Warning: \headheight is too small (12.0pt): 
 Make it at least 14.49998pt.
 We now make it that large for the rest of the document.
 This may cause the page layout to be inconsistent, however.

[3]

Package Fancyhdr Warning: \headheight is too small (12.0pt): 
 Make it at least 14.49998pt.
 We now make it that large for the rest of the document.
 This may cause the page layout to be inconsistent, however.

[4]

Package Fancyhdr Warning: \headheight is too small (12.0pt): 
 Make it at least 14.49998pt.
 We now make it that large for the rest of the document.
 This may cause the page layout to be inconsistent, however.

[5]
Overfull \hbox (34.66005pt too wide) detected at line 236
\FML/futmi/m/it/12 C[] \FMS/futm/m/n/12  []
 []


Package Fancyhdr Warning: \headheight is too small (12.0pt): 
 Make it at least 14.49998pt.
 We now make it that large for the rest of the document.
 This may cause the page layout to be inconsistent, however.

[6]
Package atveryend Info: Empty hook `BeforeClearDocument' on input line 242.
Package atveryend Info: Empty hook `AfterLastShipout' on input line 242.
 (./2014-0407-3.aux)
Package atveryend Info: Executing hook `AtVeryEndDocument' on input line 242.
Package atveryend Info: Executing hook `AtEndAfterFileList' on input line 242.
Package rerunfilecheck Info: File `2014-0407-3.out' has not changed.
(rerunfilecheck)             Checksum: A194EFC915850D4AEDC1AA9CDB2507A9;124.


LaTeX Warning: There were undefined references.


Package biblatex Warning: Please (re)run BibTeX on the file(s):
(biblatex)                2014-0407-3
(biblatex)                and rerun LaTeX afterwards.

Package logreq Info: Writing requests to '2014-0407-3.run.xml'.
\openout1 = `2014-0407-3.run.xml'.

 ) 
Here is how much of TeX's memory you used:
 30025 strings out of 493014
 583331 string characters out of 6133352
 1045097 words of memory out of 5000000
 32910 multiletter control sequences out of 15000+600000
 57614 words of font info for 111 fonts, out of 8000000 for 9000
 1141 hyphenation exceptions out of 8191
 71i,12n,71p,768b,716s stack positions out of 5000i,500n,10000p,200000b,80000s
{/usr/local/texlive/2016/texmf-dist/fonts/enc/dvips/base/8r.enc}</usr/local/t
exlive/2016/texmf-dist/fonts/type1/public/fourier/fourier-mex.pfb></usr/local/t
exlive/2016/texmf-dist/fonts/type1/public/fourier/fourier-ml.pfb></usr/local/te
xlive/2016/texmf-dist/fonts/type1/public/fourier/fourier-mlit.pfb></usr/local/t
exlive/2016/texmf-dist/fonts/type1/public/fourier/fourier-ms.pfb></usr/local/te
xlive/2016/texmf-dist/fonts/type1/adobe/utopia/putb8a.pfb></usr/local/texlive/2
016/texmf-dist/fonts/type1/adobe/utopia/putr8a.pfb></usr/local/texlive/2016/tex
mf-dist/fonts/type1/adobe/utopia/putri8a.pfb>
Output written on 2014-0407-3.pdf (6 pages, 194383 bytes).
PDF statistics:
 116 PDF objects out of 1000 (max. 8388607)
 98 compressed objects within 1 object stream
 40 named destinations out of 1000 (max. 500000)
 18471 words of extra memory for PDF output out of 20736 (max. 10000000)

