\BOOKMARK [0][-]{chapter.1}{Introduzione}{}% 1
\BOOKMARK [1][-]{section.1.1}{Cinematica del corpo rigido}{chapter.1}% 2
\BOOKMARK [2][-]{subsection.1.1.1}{Analisi dimensionali e come pu\362 aiutare.}{section.1.1}% 3
\BOOKMARK [2][-]{subsection.1.1.2}{Considerazioni ed errori comuni nelle derivate in meccanica}{section.1.1}% 4
\BOOKMARK [1][-]{section.1.2}{Traccia generale di un esercizio di cinematica}{chapter.1}% 5
\BOOKMARK [2][-]{subsection.1.2.1}{Avvertenze}{section.1.2}% 6
\BOOKMARK [2][-]{subsection.1.2.2}{Argomenti}{section.1.2}% 7
\BOOKMARK [2][-]{subsection.1.2.3}{Traccia primo punto}{section.1.2}% 8
\BOOKMARK [2][-]{subsection.1.2.4}{Traccia secondo punto}{section.1.2}% 9
\BOOKMARK [1][-]{section.1.3}{Statica del corpo rigido}{chapter.1}% 10
\BOOKMARK [2][-]{subsection.1.3.1}{Fonti di studio}{section.1.3}% 11
\BOOKMARK [2][-]{subsection.1.3.2}{Gradi di libert\340}{section.1.3}% 12
\BOOKMARK [2][-]{subsection.1.3.3}{Asta nel piano}{section.1.3}% 13
\BOOKMARK [2][-]{subsection.1.3.4}{Vincoli}{section.1.3}% 14
\BOOKMARK [2][-]{subsection.1.3.5}{L'analisi \(o computo\) dei vincoli}{section.1.3}% 15
\BOOKMARK [2][-]{subsection.1.3.6}{Limiti del computo dei vincoli}{section.1.3}% 16
\BOOKMARK [2][-]{subsection.1.3.7}{Caratteristiche della sollecitazione interna}{section.1.3}% 17
\BOOKMARK [2][-]{subsection.1.3.8}{Grafici della sollecitazione interna}{section.1.3}% 18
\BOOKMARK [1][-]{section.1.4}{Traccia generale di un esercizio di statica}{chapter.1}% 19
\BOOKMARK [2][-]{subsection.1.4.1}{Avvertenze}{section.1.4}% 20
\BOOKMARK [2][-]{subsection.1.4.2}{Argomenti}{section.1.4}% 21
\BOOKMARK [2][-]{subsection.1.4.3}{Traccia primo punto}{section.1.4}% 22
\BOOKMARK [2][-]{subsection.1.4.4}{Traccia secondo punto}{section.1.4}% 23
\BOOKMARK [1][-]{section.1.5}{Principio del lavoro virtuale \(PLV\)}{chapter.1}% 24
\BOOKMARK [2][-]{subsection.1.5.1}{Cosa cambia dal metodo delle equazioni cardinali della statica}{section.1.5}% 25
\BOOKMARK [1][-]{section.1.6}{Motori}{chapter.1}% 26
\BOOKMARK [2][-]{subsection.1.6.1}{Come identificare il tipo di moto, se diretto o retrogrado}{section.1.6}% 27
\BOOKMARK [1][-]{section.1.7}{Traccia generale di un esercizio di motori}{chapter.1}% 28
\BOOKMARK [2][-]{subsection.1.7.1}{Avvertenze}{section.1.7}% 29
\BOOKMARK [2][-]{subsection.1.7.2}{Argomenti}{section.1.7}% 30
\BOOKMARK [2][-]{subsection.1.7.3}{Traccia generale}{section.1.7}% 31
\BOOKMARK [0][-]{chapter.2}{2014}{}% 32
\BOOKMARK [1][-]{section.2.1}{Tema d'esame del 4/07/2014}{chapter.2}% 33
\BOOKMARK [2][-]{subsection.2.1.1}{Secondo esercizio}{section.2.1}% 34
\BOOKMARK [2][-]{subsection.2.1.2}{Soluzione secondo esercizio}{section.2.1}% 35
\BOOKMARK [1][-]{section.2.2}{Tema d'esame del 22/07/2014}{chapter.2}% 36
\BOOKMARK [2][-]{subsection.2.2.1}{Secondo esercizio}{section.2.2}% 37
\BOOKMARK [2][-]{subsection.2.2.2}{Soluzione secondo esercizio \(non verificata\)}{section.2.2}% 38
\BOOKMARK [1][-]{section.2.3}{Tema d'esame del 10/09/2014}{chapter.2}% 39
\BOOKMARK [2][-]{subsection.2.3.1}{Primo esercizio}{section.2.3}% 40
\BOOKMARK [2][-]{subsection.2.3.2}{Soluzione primo esercizio \(non verificata\)}{section.2.3}% 41
\BOOKMARK [2][-]{subsection.2.3.3}{Secondo esercizio}{section.2.3}% 42
\BOOKMARK [2][-]{subsection.2.3.4}{Soluzione secondo esercizio \(non verificata\)}{section.2.3}% 43
\BOOKMARK [1][-]{section.2.4}{Tema d'esame del 24/09/2014}{chapter.2}% 44
\BOOKMARK [2][-]{subsection.2.4.1}{Secondo esercizio}{section.2.4}% 45
\BOOKMARK [2][-]{subsection.2.4.2}{Soluzione secondo esercizio}{section.2.4}% 46
\BOOKMARK [2][-]{subsection.2.4.3}{Terzo esercizio}{section.2.4}% 47
\BOOKMARK [2][-]{subsection.2.4.4}{Soluzione terzo esercizio}{section.2.4}% 48
\BOOKMARK [1][-]{section.2.5}{Tema d'esame del 4/02/2015}{chapter.2}% 49
\BOOKMARK [2][-]{subsection.2.5.1}{Secondo esercizio}{section.2.5}% 50
\BOOKMARK [2][-]{subsection.2.5.2}{Soluzione secondo esercizio \(non verificata\)}{section.2.5}% 51
\BOOKMARK [1][-]{section.2.6}{Tema d'esame del 26/02/2015}{chapter.2}% 52
\BOOKMARK [2][-]{subsection.2.6.1}{Secondo esercizio}{section.2.6}% 53
\BOOKMARK [2][-]{subsection.2.6.2}{Soluzione secondo esercizio}{section.2.6}% 54
\BOOKMARK [0][-]{chapter.3}{2015}{}% 55
\BOOKMARK [1][-]{section.3.1}{Tema d'esame del 29/06/2015}{chapter.3}% 56
\BOOKMARK [2][-]{subsection.3.1.1}{Primo esercizio}{section.3.1}% 57
\BOOKMARK [2][-]{subsection.3.1.2}{Soluzione primo esercizio}{section.3.1}% 58
\BOOKMARK [2][-]{subsection.3.1.3}{Secondo esercizio}{section.3.1}% 59
\BOOKMARK [2][-]{subsection.3.1.4}{Soluzione secondo esercizio}{section.3.1}% 60
\BOOKMARK [2][-]{subsection.3.1.5}{Terzo esercizio}{section.3.1}% 61
\BOOKMARK [2][-]{subsection.3.1.6}{Soluzione terzo esercizio}{section.3.1}% 62
\BOOKMARK [1][-]{section.3.2}{Tema d'esame del 22/07/2015}{chapter.3}% 63
\BOOKMARK [2][-]{subsection.3.2.1}{Primo esercizio}{section.3.2}% 64
\BOOKMARK [2][-]{subsection.3.2.2}{Soluzione primo esercizio \(non corrispondente\)}{section.3.2}% 65
\BOOKMARK [2][-]{subsection.3.2.3}{Secondo esercizio}{section.3.2}% 66
\BOOKMARK [2][-]{subsection.3.2.4}{Soluzione secondo esercizio}{section.3.2}% 67
\BOOKMARK [2][-]{subsection.3.2.5}{Terzo esercizio}{section.3.2}% 68
\BOOKMARK [2][-]{subsection.3.2.6}{Soluzione terzo esercizio}{section.3.2}% 69
\BOOKMARK [1][-]{section.3.3}{Tema d'esame del 01/09/2015}{chapter.3}% 70
\BOOKMARK [2][-]{subsection.3.3.1}{Primo esercizio}{section.3.3}% 71
\BOOKMARK [2][-]{subsection.3.3.2}{Soluzione primo esercizio}{section.3.3}% 72
\BOOKMARK [2][-]{subsection.3.3.3}{Secondo esercizio}{section.3.3}% 73
\BOOKMARK [2][-]{subsection.3.3.4}{Soluzione secondo esercizio}{section.3.3}% 74
\BOOKMARK [2][-]{subsection.3.3.5}{Terzo esercizio}{section.3.3}% 75
\BOOKMARK [2][-]{subsection.3.3.6}{Soluzione terzo esercizio}{section.3.3}% 76
\BOOKMARK [0][-]{chapter.4}{2017}{}% 77
\BOOKMARK [1][-]{section.4.1}{Tema d'esame del 11/09/2017}{chapter.4}% 78
\BOOKMARK [2][-]{subsection.4.1.1}{Primo esercizio}{section.4.1}% 79
\BOOKMARK [2][-]{subsection.4.1.2}{Risoluzione primo esercizio \(non verificata\)}{section.4.1}% 80
\BOOKMARK [2][-]{subsection.4.1.3}{Secondo esercizio}{section.4.1}% 81
\BOOKMARK [2][-]{subsection.4.1.4}{Soluzione secondo esercizio \(non verificata\)}{section.4.1}% 82
\BOOKMARK [2][-]{subsection.4.1.5}{Terzo esercizio}{section.4.1}% 83
\BOOKMARK [2][-]{subsection.4.1.6}{Soluzione terzo esercizio \(non verificata\)}{section.4.1}% 84
\BOOKMARK [0][-]{appendix.A}{Formulario}{}% 85
\BOOKMARK [1][-]{section.A.1}{Formule per la cinematica}{appendix.A}% 86
\BOOKMARK [2][-]{subsection.A.1.1}{Brevissimo formulario per le derivate}{section.A.1}% 87
\BOOKMARK [2][-]{subsection.A.1.2}{Brevissimo formulario per numeri complessi}{section.A.1}% 88
\BOOKMARK [1][-]{section.A.2}{Formule per la statica}{appendix.A}% 89
\BOOKMARK [1][-]{section.A.3}{Formule per motori}{appendix.A}% 90
